#
# There is insufficient memory for the Java Runtime Environment to continue.
# Native memory allocation (mmap) failed to map 58720256 bytes for committing reserved memory.
# Possible reasons:
#   The system is out of physical RAM or swap space
#   The process is running with CompressedOops enabled, and the Java Heap may be blocking the growth of the native heap
# Possible solutions:
#   Reduce memory load on the system
#   Increase physical memory or swap space
#   Check if swap backing store is full
#   Decrease Java heap size (-Xmx/-Xms)
#   Decrease number of Java threads
#   Decrease Java thread stack sizes (-Xss)
#   Set larger code cache with -XX:ReservedCodeCacheSize=
#   JVM is running with Unscaled Compressed Oops mode in which the Java heap is
#     placed in the first 4GB address space. The Java Heap base address is the
#     maximum limit for the native heap growth. Please use -XX:HeapBaseMinAddress
#     to set the Java Heap base and to place the Java Heap above 4GB virtual address.
# This output file may be truncated or incomplete.
#
#  Out of Memory Error (os_linux.cpp:2985), pid=9017, tid=9038
#
# JRE version: OpenJDK Runtime Environment (11.0.11+9) (build 11.0.11+9-Ubuntu-0ubuntu2.18.04)
# Java VM: OpenJDK 64-Bit Server VM (11.0.11+9-Ubuntu-0ubuntu2.18.04, mixed mode, sharing, tiered, compressed oops, g1 gc, linux-amd64)
# Core dump will be written. Default location: Core dumps may be processed with "/usr/share/apport/apport %p %s %c %d %P %E" (or dumping to /home/soutra_resto/amarispayprod/micro-services/notification-service/core.9017)
#

---------------  S U M M A R Y ------------

Command Line: -Dmaven.home=/home/soutra_resto/amarispayprod/micro-services -Dmaven.multiModuleProjectDirectory=/home/soutra_resto/amarispayprod/micro-services/notification-service org.apache.maven.wrapper.MavenWrapperMain spring-boot:run

Host: DO-Regular, 2 cores, 3G, Ubuntu 18.04.5 LTS
Time: Wed May 19 11:13:23 2021 UTC elapsed time: 68.574148 seconds (0d 0h 1m 8s)

---------------  T H R E A D  ---------------

Current thread (0x00007f07e40b5000):  VMThread "VM Thread" [stack: 0x00007f07cc6f7000,0x00007f07cc7f7000] [id=9038]

Stack: [0x00007f07cc6f7000,0x00007f07cc7f7000],  sp=0x00007f07cc7f4e40,  free space=1015k
Native frames: (J=compiled Java code, A=aot compiled Java code, j=interpreted, Vv=VM code, C=native code)
V  [libjvm.so+0xe1c39a]
V  [libjvm.so+0xe1d04b]
V  [libjvm.so+0x649755]
V  [libjvm.so+0xb76a88]
V  [libjvm.so+0xb6cf2d]
V  [libjvm.so+0x76107f]
V  [libjvm.so+0x76142e]
V  [libjvm.so+0x76aac6]
V  [libjvm.so+0x7e31c4]
V  [libjvm.so+0x7e3dd0]
V  [libjvm.so+0x7e41e7]
V  [libjvm.so+0x71ed30]
V  [libjvm.so+0x7236fc]
V  [libjvm.so+0xe27364]
V  [libjvm.so+0xe1eb58]
V  [libjvm.so+0xe24a47]
V  [libjvm.so+0xe250d8]
V  [libjvm.so+0xe253e3]
V  [libjvm.so+0xdb67e9]
V  [libjvm.so+0xb7b34e]

VM_Operation (0x00007f07ed7a93c0): G1CollectForAllocation, mode: safepoint, requested by thread 0x00007f07e4016800


---------------  P R O C E S S  ---------------

Threads class SMR info:
_java_thread_list=0x00007f07e40ff690, length=9, elements={
0x00007f07e4016800, 0x00007f07e40b8000, 0x00007f07e40ba000, 0x00007f07e40c2800,
0x00007f07e40c4800, 0x00007f07e40c6800, 0x00007f07e40c8800, 0x00007f07e40ca800,
0x00007f07e40fe000
}

Java Threads: ( => current thread )
  0x00007f07e4016800 JavaThread "main" [_thread_blocked, id=9032, stack(0x00007f07ed6ad000,0x00007f07ed7ae000)]
  0x00007f07e40b8000 JavaThread "Reference Handler" daemon [_thread_blocked, id=9039, stack(0x00007f07cc5f4000,0x00007f07cc6f5000)]
  0x00007f07e40ba000 JavaThread "Finalizer" daemon [_thread_blocked, id=9040, stack(0x00007f07cc4f3000,0x00007f07cc5f4000)]
  0x00007f07e40c2800 JavaThread "Signal Dispatcher" daemon [_thread_blocked, id=9041, stack(0x00007f07cc0e4000,0x00007f07cc1e5000)]
  0x00007f07e40c4800 JavaThread "Service Thread" daemon [_thread_blocked, id=9042, stack(0x00007f07c401f000,0x00007f07c4120000)]
  0x00007f07e40c6800 JavaThread "C2 CompilerThread0" daemon [_thread_blocked, id=9043, stack(0x00007f079feff000,0x00007f07a0000000)]
  0x00007f07e40c8800 JavaThread "C1 CompilerThread0" daemon [_thread_blocked, id=9044, stack(0x00007f079fdfe000,0x00007f079feff000)]
  0x00007f07e40ca800 JavaThread "Sweeper thread" daemon [_thread_blocked, id=9045, stack(0x00007f079fcfd000,0x00007f079fdfe000)]
  0x00007f07e40fe000 JavaThread "Common-Cleaner" daemon [_thread_blocked, id=9047, stack(0x00007f079fafa000,0x00007f079fbfb000)]

Other Threads:
=>0x00007f07e40b5000 VMThread "VM Thread" [stack: 0x00007f07cc6f7000,0x00007f07cc7f7000] [id=9038]
  0x00007f07e40fb800 WatcherThread [stack: 0x00007f079fbfd000,0x00007f079fcfd000] [id=9046]
  0x00007f07e402f000 GCTaskThread "GC Thread#0" [stack: 0x00007f07e9671000,0x00007f07e9771000] [id=9033]
  0x00007f07b4001000 GCTaskThread "GC Thread#1" [stack: 0x00007f079f1cc000,0x00007f079f2cc000] [id=9050]
  0x00007f07e404a000 ConcurrentGCThread "G1 Main Marker" [stack: 0x00007f07e8da3000,0x00007f07e8ea3000] [id=9034]
  0x00007f07e404c000 ConcurrentGCThread "G1 Conc#0" [stack: 0x00007f07e8ca1000,0x00007f07e8da1000] [id=9035]
  0x00007f07e4087000 ConcurrentGCThread "G1 Refine#0" [stack: 0x00007f07e899d000,0x00007f07e8a9d000] [id=9036]
  0x00007f07e4089000 ConcurrentGCThread "G1 Young RemSet Sampling" [stack: 0x00007f07e889b000,0x00007f07e899b000] [id=9037]

Threads with active compile tasks:
C2 CompilerThread0  68640 3631  s    4       java.util.Hashtable::get (69 bytes)
C1 CompilerThread0  68661 3673       2       org.apache.maven.model.interpolation.StringVisitorModelInterpolator$ModelVisitor::visit (47 bytes)

VM state:at safepoint (normal execution)

VM Mutex/Monitor currently owned by a thread:  ([mutex/lock_event])
[0x00007f07e4012cc0] Threads_lock - owner thread: 0x00007f07e40b5000
[0x00007f07e40134a0] Heap_lock - owner thread: 0x00007f07e4016800

Heap address: 0x00000000c2400000, size: 988 MB, Compressed Oops mode: 32-bit
Narrow klass base: 0x0000000800000000, Narrow klass shift: 3
Compressed class space size: 1073741824 Address: 0x0000000840000000

Heap:
 garbage-first heap   total 159744K, used 14296K [0x00000000c2400000, 0x0000000100000000)
  region size 1024K, 1 young (1024K), 1 survivors (1024K)
 Metaspace       used 15819K, capacity 17027K, committed 17408K, reserved 1064960K
  class space    used 1721K, capacity 1980K, committed 2048K, reserved 1048576K
Heap Regions: E=young(eden), S=young(survivor), O=old, HS=humongous(starts), HC=humongous(continues), CS=collection set, F=free, A=archive, TAMS=top-at-mark-start (previous, next)
|   0|0x00000000c2400000, 0x00000000c2500000, 0x00000000c2500000|100%| O|  |TAMS 0x00000000c2500000, 0x00000000c2400000| Untracked 
|   1|0x00000000c2500000, 0x00000000c2600000, 0x00000000c2600000|100%| O|  |TAMS 0x00000000c2600000, 0x00000000c2500000| Untracked 
|   2|0x00000000c2600000, 0x00000000c2700000, 0x00000000c2700000|100%| O|  |TAMS 0x00000000c2700000, 0x00000000c2600000| Untracked 
|   3|0x00000000c2700000, 0x00000000c2800000, 0x00000000c2800000|100%| O|  |TAMS 0x00000000c2700000, 0x00000000c2700000| Untracked 
|   4|0x00000000c2800000, 0x00000000c2900000, 0x00000000c2900000|100%| O|  |TAMS 0x00000000c2800000, 0x00000000c2800000| Untracked 
|   5|0x00000000c2900000, 0x00000000c2999a00, 0x00000000c2a00000| 60%| O|  |TAMS 0x00000000c2900000, 0x00000000c2900000| Untracked 
|   6|0x00000000c2a00000, 0x00000000c2a00000, 0x00000000c2b00000|  0%| F|  |TAMS 0x00000000c2a00000, 0x00000000c2a00000| Untracked 
|   7|0x00000000c2b00000, 0x00000000c2b00000, 0x00000000c2c00000|  0%| F|  |TAMS 0x00000000c2b00000, 0x00000000c2b00000| Untracked 
|   8|0x00000000c2c00000, 0x00000000c2c00000, 0x00000000c2d00000|  0%| F|  |TAMS 0x00000000c2c00000, 0x00000000c2c00000| Untracked 
|   9|0x00000000c2d00000, 0x00000000c2d00000, 0x00000000c2e00000|  0%| F|  |TAMS 0x00000000c2d00000, 0x00000000c2d00000| Untracked 
|  10|0x00000000c2e00000, 0x00000000c2e00000, 0x00000000c2f00000|  0%| F|  |TAMS 0x00000000c2e00000, 0x00000000c2e00000| Untracked 
|  11|0x00000000c2f00000, 0x00000000c2f00000, 0x00000000c3000000|  0%| F|  |TAMS 0x00000000c2f00000, 0x00000000c2f00000| Untracked 
|  12|0x00000000c3000000, 0x00000000c3000000, 0x00000000c3100000|  0%| F|  |TAMS 0x00000000c3000000, 0x00000000c3000000| Untracked 
|  13|0x00000000c3100000, 0x00000000c3100000, 0x00000000c3200000|  0%| F|  |TAMS 0x00000000c3100000, 0x00000000c3100000| Untracked 
|  14|0x00000000c3200000, 0x00000000c3200000, 0x00000000c3300000|  0%| F|  |TAMS 0x00000000c3200000, 0x00000000c3200000| Untracked 
|  15|0x00000000c3300000, 0x00000000c3300000, 0x00000000c3400000|  0%| F|  |TAMS 0x00000000c3300000, 0x00000000c3300000| Untracked 
|  16|0x00000000c3400000, 0x00000000c3400000, 0x00000000c3500000|  0%| F|  |TAMS 0x00000000c3400000, 0x00000000c3400000| Untracked 
|  17|0x00000000c3500000, 0x00000000c3500000, 0x00000000c3600000|  0%| F|  |TAMS 0x00000000c3500000, 0x00000000c3500000| Untracked 
|  18|0x00000000c3600000, 0x00000000c3600000, 0x00000000c3700000|  0%| F|  |TAMS 0x00000000c3600000, 0x00000000c3600000| Untracked 
|  19|0x00000000c3700000, 0x00000000c3700000, 0x00000000c3800000|  0%| F|  |TAMS 0x00000000c3700000, 0x00000000c3700000| Untracked 
|  20|0x00000000c3800000, 0x00000000c3800000, 0x00000000c3900000|  0%| F|  |TAMS 0x00000000c3800000, 0x00000000c3800000| Untracked 
|  21|0x00000000c3900000, 0x00000000c3900000, 0x00000000c3a00000|  0%| F|  |TAMS 0x00000000c3900000, 0x00000000c3900000| Untracked 
|  22|0x00000000c3a00000, 0x00000000c3a00000, 0x00000000c3b00000|  0%| F|  |TAMS 0x00000000c3a00000, 0x00000000c3a00000| Untracked 
|  23|0x00000000c3b00000, 0x00000000c3b00000, 0x00000000c3c00000|  0%| F|  |TAMS 0x00000000c3b00000, 0x00000000c3b00000| Untracked 
|  24|0x00000000c3c00000, 0x00000000c3c00000, 0x00000000c3d00000|  0%| F|  |TAMS 0x00000000c3c00000, 0x00000000c3c00000| Untracked 
|  25|0x00000000c3d00000, 0x00000000c3d00000, 0x00000000c3e00000|  0%| F|  |TAMS 0x00000000c3d00000, 0x00000000c3d00000| Untracked 
|  26|0x00000000c3e00000, 0x00000000c3e00000, 0x00000000c3f00000|  0%| F|  |TAMS 0x00000000c3e00000, 0x00000000c3e00000| Untracked 
|  27|0x00000000c3f00000, 0x00000000c3f00000, 0x00000000c4000000|  0%| F|  |TAMS 0x00000000c3f00000, 0x00000000c3f00000| Untracked 
|  28|0x00000000c4000000, 0x00000000c4000000, 0x00000000c4100000|  0%| F|  |TAMS 0x00000000c4000000, 0x00000000c4000000| Untracked 
|  29|0x00000000c4100000, 0x00000000c4100000, 0x00000000c4200000|  0%| F|  |TAMS 0x00000000c4100000, 0x00000000c4100000| Untracked 
|  30|0x00000000c4200000, 0x00000000c4200000, 0x00000000c4300000|  0%| F|  |TAMS 0x00000000c4200000, 0x00000000c4200000| Untracked 
|  31|0x00000000c4300000, 0x00000000c4300000, 0x00000000c4400000|  0%| F|  |TAMS 0x00000000c4300000, 0x00000000c4300000| Untracked 
|  32|0x00000000c4400000, 0x00000000c4400000, 0x00000000c4500000|  0%| F|  |TAMS 0x00000000c4400000, 0x00000000c4400000| Untracked 
|  33|0x00000000c4500000, 0x00000000c4500000, 0x00000000c4600000|  0%| F|  |TAMS 0x00000000c4500000, 0x00000000c4500000| Untracked 
|  34|0x00000000c4600000, 0x00000000c4600000, 0x00000000c4700000|  0%| F|  |TAMS 0x00000000c4600000, 0x00000000c4600000| Untracked 
|  35|0x00000000c4700000, 0x00000000c4700000, 0x00000000c4800000|  0%| F|  |TAMS 0x00000000c4700000, 0x00000000c4700000| Untracked 
|  36|0x00000000c4800000, 0x00000000c4800000, 0x00000000c4900000|  0%| F|  |TAMS 0x00000000c4800000, 0x00000000c4800000| Untracked 
|  37|0x00000000c4900000, 0x00000000c4900000, 0x00000000c4a00000|  0%| F|  |TAMS 0x00000000c4900000, 0x00000000c4900000| Untracked 
|  38|0x00000000c4a00000, 0x00000000c4a00000, 0x00000000c4b00000|  0%| F|  |TAMS 0x00000000c4a00000, 0x00000000c4a00000| Untracked 
|  39|0x00000000c4b00000, 0x00000000c4b00000, 0x00000000c4c00000|  0%| F|  |TAMS 0x00000000c4b00000, 0x00000000c4b00000| Untracked 
|  40|0x00000000c4c00000, 0x00000000c4c00000, 0x00000000c4d00000|  0%| F|  |TAMS 0x00000000c4c00000, 0x00000000c4c00000| Untracked 
|  41|0x00000000c4d00000, 0x00000000c4d00000, 0x00000000c4e00000|  0%| F|  |TAMS 0x00000000c4d00000, 0x00000000c4d00000| Untracked 
|  42|0x00000000c4e00000, 0x00000000c4e00000, 0x00000000c4f00000|  0%| F|  |TAMS 0x00000000c4e00000, 0x00000000c4e00000| Untracked 
|  43|0x00000000c4f00000, 0x00000000c5000000, 0x00000000c5000000|100%| O|  |TAMS 0x00000000c5000000, 0x00000000c4f00000| Untracked 
|  44|0x00000000c5000000, 0x00000000c5100000, 0x00000000c5100000|100%| O|  |TAMS 0x00000000c5100000, 0x00000000c5000000| Untracked 
|  45|0x00000000c5100000, 0x00000000c5200000, 0x00000000c5200000|100%| O|  |TAMS 0x00000000c5200000, 0x00000000c5100000| Untracked 
|  46|0x00000000c5200000, 0x00000000c5200000, 0x00000000c5300000|  0%| F|  |TAMS 0x00000000c5200000, 0x00000000c5200000| Untracked 
|  47|0x00000000c5300000, 0x00000000c5300000, 0x00000000c5400000|  0%| F|  |TAMS 0x00000000c5300000, 0x00000000c5300000| Untracked 
|  48|0x00000000c5400000, 0x00000000c5400000, 0x00000000c5500000|  0%| F|  |TAMS 0x00000000c5400000, 0x00000000c5400000| Untracked 
|  49|0x00000000c5500000, 0x00000000c5500000, 0x00000000c5600000|  0%| F|  |TAMS 0x00000000c5500000, 0x00000000c5500000| Untracked 
|  50|0x00000000c5600000, 0x00000000c5600000, 0x00000000c5700000|  0%| F|  |TAMS 0x00000000c5600000, 0x00000000c5600000| Untracked 
|  51|0x00000000c5700000, 0x00000000c5700000, 0x00000000c5800000|  0%| F|  |TAMS 0x00000000c5700000, 0x00000000c5700000| Untracked 
|  52|0x00000000c5800000, 0x00000000c5800000, 0x00000000c5900000|  0%| F|  |TAMS 0x00000000c5800000, 0x00000000c5800000| Untracked 
|  53|0x00000000c5900000, 0x00000000c5a00000, 0x00000000c5a00000|100%| O|  |TAMS 0x00000000c5a00000, 0x00000000c5900000| Untracked 
|  54|0x00000000c5a00000, 0x00000000c5b00000, 0x00000000c5b00000|100%| O|  |TAMS 0x00000000c5b00000, 0x00000000c5a00000| Untracked 
|  55|0x00000000c5b00000, 0x00000000c5c00000, 0x00000000c5c00000|100%| O|  |TAMS 0x00000000c5c00000, 0x00000000c5b00000| Untracked 
|  56|0x00000000c5c00000, 0x00000000c5d00000, 0x00000000c5d00000|100%| O|  |TAMS 0x00000000c5c45c00, 0x00000000c5c00000| Untracked 
|  57|0x00000000c5d00000, 0x00000000c5d00000, 0x00000000c5e00000|  0%| F|  |TAMS 0x00000000c5d00000, 0x00000000c5d00000| Untracked 
|  58|0x00000000c5e00000, 0x00000000c5e00000, 0x00000000c5f00000|  0%| F|  |TAMS 0x00000000c5e00000, 0x00000000c5e00000| Untracked 
|  59|0x00000000c5f00000, 0x00000000c5f00000, 0x00000000c6000000|  0%| F|  |TAMS 0x00000000c5f00000, 0x00000000c5f00000| Untracked 
|  60|0x00000000c6000000, 0x00000000c6000000, 0x00000000c6100000|  0%| F|  |TAMS 0x00000000c6000000, 0x00000000c6000000| Untracked 
|  61|0x00000000c6100000, 0x00000000c6100000, 0x00000000c6200000|  0%| F|  |TAMS 0x00000000c6100000, 0x00000000c6100000| Untracked 
|  62|0x00000000c6200000, 0x00000000c6200000, 0x00000000c6300000|  0%| F|  |TAMS 0x00000000c6200000, 0x00000000c6200000| Untracked 
|  63|0x00000000c6300000, 0x00000000c6300000, 0x00000000c6400000|  0%| F|  |TAMS 0x00000000c6300000, 0x00000000c6300000| Untracked 
|  64|0x00000000c6400000, 0x00000000c6400000, 0x00000000c6500000|  0%| F|  |TAMS 0x00000000c6400000, 0x00000000c6400000| Untracked 
|  65|0x00000000c6500000, 0x00000000c6500000, 0x00000000c6600000|  0%| F|  |TAMS 0x00000000c6500000, 0x00000000c6500000| Untracked 
|  66|0x00000000c6600000, 0x00000000c6600000, 0x00000000c6700000|  0%| F|  |TAMS 0x00000000c6600000, 0x00000000c6600000| Untracked 
|  67|0x00000000c6700000, 0x00000000c6700000, 0x00000000c6800000|  0%| F|  |TAMS 0x00000000c6700000, 0x00000000c6700000| Untracked 
|  68|0x00000000c6800000, 0x00000000c6800000, 0x00000000c6900000|  0%| F|  |TAMS 0x00000000c6800000, 0x00000000c6800000| Untracked 
|  69|0x00000000c6900000, 0x00000000c6900000, 0x00000000c6a00000|  0%| F|  |TAMS 0x00000000c6900000, 0x00000000c6900000| Untracked 
|  70|0x00000000c6a00000, 0x00000000c6a00000, 0x00000000c6b00000|  0%| F|  |TAMS 0x00000000c6a00000, 0x00000000c6a00000| Untracked 
|  71|0x00000000c6b00000, 0x00000000c6b00000, 0x00000000c6c00000|  0%| F|  |TAMS 0x00000000c6b00000, 0x00000000c6b00000| Untracked 
|  72|0x00000000c6c00000, 0x00000000c6c00000, 0x00000000c6d00000|  0%| F|  |TAMS 0x00000000c6c00000, 0x00000000c6c00000| Untracked 
|  73|0x00000000c6d00000, 0x00000000c6d00000, 0x00000000c6e00000|  0%| F|  |TAMS 0x00000000c6d00000, 0x00000000c6d00000| Untracked 
|  74|0x00000000c6e00000, 0x00000000c6e00000, 0x00000000c6f00000|  0%| F|  |TAMS 0x00000000c6e00000, 0x00000000c6e00000| Untracked 
|  75|0x00000000c6f00000, 0x00000000c6f00000, 0x00000000c7000000|  0%| F|  |TAMS 0x00000000c6f00000, 0x00000000c6f00000| Untracked 
|  76|0x00000000c7000000, 0x00000000c7000000, 0x00000000c7100000|  0%| F|  |TAMS 0x00000000c7000000, 0x00000000c7000000| Untracked 
|  77|0x00000000c7100000, 0x00000000c7100000, 0x00000000c7200000|  0%| F|  |TAMS 0x00000000c7100000, 0x00000000c7100000| Untracked 
|  78|0x00000000c7200000, 0x00000000c7200000, 0x00000000c7300000|  0%| F|  |TAMS 0x00000000c7200000, 0x00000000c7200000| Untracked 
|  79|0x00000000c7300000, 0x00000000c7300000, 0x00000000c7400000|  0%| F|  |TAMS 0x00000000c7300000, 0x00000000c7300000| Untracked 
|  80|0x00000000c7400000, 0x00000000c7400000, 0x00000000c7500000|  0%| F|  |TAMS 0x00000000c7400000, 0x00000000c7400000| Untracked 
|  81|0x00000000c7500000, 0x00000000c7500000, 0x00000000c7600000|  0%| F|  |TAMS 0x00000000c7500000, 0x00000000c7500000| Untracked 
|  82|0x00000000c7600000, 0x00000000c7600000, 0x00000000c7700000|  0%| F|  |TAMS 0x00000000c7600000, 0x00000000c7600000| Untracked 
|  83|0x00000000c7700000, 0x00000000c7700000, 0x00000000c7800000|  0%| F|  |TAMS 0x00000000c7700000, 0x00000000c7700000| Untracked 
|  84|0x00000000c7800000, 0x00000000c7800000, 0x00000000c7900000|  0%| F|  |TAMS 0x00000000c7800000, 0x00000000c7800000| Untracked 
|  85|0x00000000c7900000, 0x00000000c7900000, 0x00000000c7a00000|  0%| F|  |TAMS 0x00000000c7900000, 0x00000000c7900000| Untracked 
|  86|0x00000000c7a00000, 0x00000000c7a00000, 0x00000000c7b00000|  0%| F|  |TAMS 0x00000000c7a00000, 0x00000000c7a00000| Untracked 
|  87|0x00000000c7b00000, 0x00000000c7b00000, 0x00000000c7c00000|  0%| F|  |TAMS 0x00000000c7b00000, 0x00000000c7b00000| Untracked 
|  88|0x00000000c7c00000, 0x00000000c7c00000, 0x00000000c7d00000|  0%| F|  |TAMS 0x00000000c7c00000, 0x00000000c7c00000| Untracked 
|  89|0x00000000c7d00000, 0x00000000c7d00000, 0x00000000c7e00000|  0%| F|  |TAMS 0x00000000c7d00000, 0x00000000c7d00000| Untracked 
|  90|0x00000000c7e00000, 0x00000000c7e00000, 0x00000000c7f00000|  0%| F|  |TAMS 0x00000000c7e00000, 0x00000000c7e00000| Untracked 
|  91|0x00000000c7f00000, 0x00000000c7faa9b0, 0x00000000c8000000| 66%| S|CS|TAMS 0x00000000c7f00000, 0x00000000c7f00000| Complete 
|  92|0x00000000c8000000, 0x00000000c8000000, 0x00000000c8100000|  0%| F|  |TAMS 0x00000000c8000000, 0x00000000c8000000| Untracked 
|  93|0x00000000c8100000, 0x00000000c8100000, 0x00000000c8200000|  0%| F|  |TAMS 0x00000000c8100000, 0x00000000c8100000| Untracked 
|  94|0x00000000c8200000, 0x00000000c8200000, 0x00000000c8300000|  0%| F|  |TAMS 0x00000000c8200000, 0x00000000c8200000| Untracked 
|  95|0x00000000c8300000, 0x00000000c8300000, 0x00000000c8400000|  0%| F|  |TAMS 0x00000000c8300000, 0x00000000c8300000| Untracked 
|  96|0x00000000c8400000, 0x00000000c8400000, 0x00000000c8500000|  0%| F|  |TAMS 0x00000000c8400000, 0x00000000c8400000| Untracked 
|  97|0x00000000c8500000, 0x00000000c8500000, 0x00000000c8600000|  0%| F|  |TAMS 0x00000000c8500000, 0x00000000c8500000| Untracked 
| 986|0x00000000ffe00000, 0x00000000ffe47000, 0x00000000fff00000| 27%|OA|  |TAMS 0x00000000ffe47000, 0x00000000ffe00000| Untracked 
| 987|0x00000000fff00000, 0x00000000fff6b000, 0x0000000100000000| 41%|CA|  |TAMS 0x00000000fff6b000, 0x00000000fff00000| Untracked 

Card table byte_map: [0x00007f07e9091000,0x00007f07e927f000] _byte_map_base: 0x00007f07e8a7f000

Marking Bits (Prev, Next): (CMBitMap*) 0x00007f07e4045440, (CMBitMap*) 0x00007f07e4045408
 Prev Bits: [0x00007f07c6120000, 0x00007f07c7090000)
 Next Bits: [0x00007f07c7090000, 0x00007f07c8000000)

Polling page: 0x00007f07ed7b6000

Metaspace:

Usage:
  Non-class:     14.69 MB capacity,    13.77 MB ( 94%) used,   928.96 KB (  6%) free+waste,    20.56 KB ( <1%) overhead. 
      Class:      1.93 MB capacity,     1.68 MB ( 87%) used,   249.20 KB ( 13%) free+waste,     9.12 KB ( <1%) overhead. 
       Both:     16.63 MB capacity,    15.45 MB ( 93%) used,     1.15 MB (  7%) free+waste,    29.69 KB ( <1%) overhead. 

Virtual space:
  Non-class space:       16.00 MB reserved,      15.00 MB ( 94%) committed 
      Class space:        1.00 GB reserved,       2.00 MB ( <1%) committed 
             Both:        1.02 GB reserved,      17.00 MB (  2%) committed 

Chunk freelists:
   Non-Class:  145.00 KB
       Class:  4.00 KB
        Both:  149.00 KB

MaxMetaspaceSize: unlimited
CompressedClassSpaceSize: 1.00 GB

CodeHeap 'non-profiled nmethods': size=120036Kb used=1481Kb max_used=1481Kb free=118554Kb
 bounds [0x00007f07d433f000, 0x00007f07d45af000, 0x00007f07db878000]
CodeHeap 'profiled nmethods': size=120032Kb used=7227Kb max_used=7227Kb free=112804Kb
 bounds [0x00007f07cce07000, 0x00007f07cd517000, 0x00007f07d433f000]
CodeHeap 'non-nmethods': size=5692Kb used=1123Kb max_used=1151Kb free=4568Kb
 bounds [0x00007f07cc878000, 0x00007f07ccae8000, 0x00007f07cce07000]
 total_blobs=3983 nmethods=3535 adapters=359
 compilation: enabled
              stopped_count=0, restarted_count=0
 full_count=0

Compilation events (20 events):
Event: 61.578 Thread 0x00007f07e40c8800 nmethod 3649 0x00007f07cd50fe90 code [0x00007f07cd510080, 0x00007f07cd510460]
Event: 61.727 Thread 0x00007f07e40c8800 3650       1       org.apache.maven.model.License::setDistribution (6 bytes)
Event: 61.923 Thread 0x00007f07e40c8800 nmethod 3650 0x00007f07d44aff10 code [0x00007f07d44b00c0, 0x00007f07d44b01d0]
Event: 62.384 Thread 0x00007f07e40c8800 3653       1       org.apache.maven.model.DistributionManagement::setSite (6 bytes)
Event: 62.506 Thread 0x00007f07e40c8800 nmethod 3653 0x00007f07d44b0290 code [0x00007f07d44b0440, 0x00007f07d44b0550]
Event: 62.536 Thread 0x00007f07e40c8800 3655       2       org.apache.maven.model.Scm::getLocation (304 bytes)
Event: 62.662 Thread 0x00007f07e40c8800 nmethod 3655 0x00007f07cd510590 code [0x00007f07cd510800, 0x00007f07cd510ec0]
Event: 62.758 Thread 0x00007f07e40c8800 3657       2       org.apache.maven.model.building.FileModelSource::<init> (6 bytes)
Event: 62.844 Thread 0x00007f07e40c8800 nmethod 3657 0x00007f07cd511110 code [0x00007f07cd5112e0, 0x00007f07cd511550]
Event: 62.877 Thread 0x00007f07e40c8800 3659       2       org.apache.maven.model.inheritance.DefaultInheritanceAssembler$InheritanceModelMerger::mergeReporting_Plugins (253 bytes)
Event: 63.167 Thread 0x00007f07e40c8800 nmethod 3659 0x00007f07cd511690 code [0x00007f07cd511a80, 0x00007f07cd512ba0]
Event: 63.312 Thread 0x00007f07e40c8800 3660       2       org.apache.maven.model.inheritance.DefaultInheritanceAssembler$InheritanceModelMerger::mergeModelBase_Properties (87 bytes)
Event: 63.838 Thread 0x00007f07e40c6800 nmethod 3640% 0x00007f07d44b0610 code [0x00007f07d44b0800, 0x00007f07d44b1118]
Event: 63.927 Thread 0x00007f07e40c6800 3631  s    4       java.util.Hashtable::get (69 bytes)
Event: 65.816 Thread 0x00007f07e40c8800 nmethod 3660 0x00007f07cd513690 code [0x00007f07cd513920, 0x00007f07cd514560]
Event: 65.935 Thread 0x00007f07e40c8800 3669 %     3       java.util.regex.Matcher::search @ 46 (154 bytes)
Event: 66.231 Thread 0x00007f07e40c8800 nmethod 3669% 0x00007f07cd514a90 code [0x00007f07cd514ca0, 0x00007f07cd5152d0]
Event: 66.529 Thread 0x00007f07e40c8800 3672       2       org.apache.maven.model.IssueManagement::<init> (5 bytes)
Event: 67.070 Thread 0x00007f07e40c8800 nmethod 3672 0x00007f07cd515510 code [0x00007f07cd5156c0, 0x00007f07cd5157d0]
Event: 67.251 Thread 0x00007f07e40c8800 3673       2       org.apache.maven.model.interpolation.StringVisitorModelInterpolator$ModelVisitor::visit (47 bytes)

GC Heap History (17 events):
Event: 0.793 GC heap before
{Heap before GC invocations=0 (full 0):
 garbage-first heap   total 65536K, used 6856K [0x00000000c2400000, 0x0000000100000000)
  region size 1024K, 7 young (7168K), 0 survivors (0K)
 Metaspace       used 2529K, capacity 5613K, committed 5760K, reserved 1056768K
  class space    used 250K, capacity 553K, committed 640K, reserved 1048576K
}
Event: 0.835 GC heap after
{Heap after GC invocations=1 (full 0):
 garbage-first heap   total 65536K, used 2639K [0x00000000c2400000, 0x0000000100000000)
  region size 1024K, 1 young (1024K), 1 survivors (1024K)
 Metaspace       used 2529K, capacity 5613K, committed 5760K, reserved 1056768K
  class space    used 250K, capacity 553K, committed 640K, reserved 1048576K
}
Event: 1.164 GC heap before
{Heap before GC invocations=1 (full 0):
 garbage-first heap   total 65536K, used 5711K [0x00000000c2400000, 0x0000000100000000)
  region size 1024K, 4 young (4096K), 1 survivors (1024K)
 Metaspace       used 3104K, capacity 6009K, committed 6272K, reserved 1056768K
  class space    used 312K, capacity 621K, committed 640K, reserved 1048576K
}
Event: 1.177 GC heap after
{Heap after GC invocations=2 (full 0):
 garbage-first heap   total 65536K, used 3371K [0x00000000c2400000, 0x0000000100000000)
  region size 1024K, 1 young (1024K), 1 survivors (1024K)
 Metaspace       used 3104K, capacity 6009K, committed 6272K, reserved 1056768K
  class space    used 312K, capacity 621K, committed 640K, reserved 1048576K
}
Event: 1.620 GC heap before
{Heap before GC invocations=2 (full 0):
 garbage-first heap   total 65536K, used 13611K [0x00000000c2400000, 0x0000000100000000)
  region size 1024K, 11 young (11264K), 1 survivors (1024K)
 Metaspace       used 5475K, capacity 7736K, committed 7936K, reserved 1056768K
  class space    used 640K, capacity 901K, committed 1024K, reserved 1048576K
}
Event: 1.643 GC heap after
{Heap after GC invocations=3 (full 0):
 garbage-first heap   total 65536K, used 3852K [0x00000000c2400000, 0x0000000100000000)
  region size 1024K, 2 young (2048K), 2 survivors (2048K)
 Metaspace       used 5475K, capacity 7736K, committed 7936K, reserved 1056768K
  class space    used 640K, capacity 901K, committed 1024K, reserved 1048576K
}
Event: 2.261 GC heap before
{Heap before GC invocations=3 (full 0):
 garbage-first heap   total 65536K, used 18188K [0x00000000c2400000, 0x0000000100000000)
  region size 1024K, 16 young (16384K), 2 survivors (2048K)
 Metaspace       used 6637K, capacity 8648K, committed 8832K, reserved 1056768K
  class space    used 780K, capacity 1032K, committed 1152K, reserved 1048576K
}
Event: 2.274 GC heap after
{Heap after GC invocations=4 (full 0):
 garbage-first heap   total 65536K, used 4234K [0x00000000c2400000, 0x0000000100000000)
  region size 1024K, 1 young (1024K), 1 survivors (1024K)
 Metaspace       used 6637K, capacity 8648K, committed 8832K, reserved 1056768K
  class space    used 780K, capacity 1032K, committed 1152K, reserved 1048576K
}
Event: 3.911 GC heap before
{Heap before GC invocations=4 (full 0):
 garbage-first heap   total 65536K, used 41098K [0x00000000c2400000, 0x0000000100000000)
  region size 1024K, 37 young (37888K), 1 survivors (1024K)
 Metaspace       used 12213K, capacity 13972K, committed 14336K, reserved 1062912K
  class space    used 1473K, capacity 1727K, committed 1792K, reserved 1048576K
}
Event: 3.925 GC heap after
{Heap after GC invocations=5 (full 0):
 garbage-first heap   total 102400K, used 6569K [0x00000000c2400000, 0x0000000100000000)
  region size 1024K, 4 young (4096K), 4 survivors (4096K)
 Metaspace       used 12213K, capacity 13972K, committed 14336K, reserved 1062912K
  class space    used 1473K, capacity 1727K, committed 1792K, reserved 1048576K
}
Event: 5.739 GC heap before
{Heap before GC invocations=5 (full 0):
 garbage-first heap   total 102400K, used 52649K [0x00000000c2400000, 0x0000000100000000)
  region size 1024K, 49 young (50176K), 4 survivors (4096K)
 Metaspace       used 13576K, capacity 15084K, committed 15488K, reserved 1062912K
  class space    used 1554K, capacity 1798K, committed 1920K, reserved 1048576K
}
Event: 5.769 GC heap after
{Heap after GC invocations=6 (full 0):
 garbage-first heap   total 102400K, used 10704K [0x00000000c2400000, 0x0000000100000000)
  region size 1024K, 7 young (7168K), 7 survivors (7168K)
 Metaspace       used 13576K, capacity 15084K, committed 15488K, reserved 1062912K
  class space    used 1554K, capacity 1798K, committed 1920K, reserved 1048576K
}
Event: 7.843 GC heap before
{Heap before GC invocations=6 (full 0):
 garbage-first heap   total 102400K, used 81360K [0x00000000c2400000, 0x0000000100000000)
  region size 1024K, 37 young (37888K), 7 survivors (7168K)
 Metaspace       used 15117K, capacity 16342K, committed 16640K, reserved 1064960K
  class space    used 1681K, capacity 1940K, committed 2048K, reserved 1048576K
}
Event: 7.996 GC heap after
{Heap after GC invocations=7 (full 0):
 garbage-first heap   total 102400K, used 45535K [0x00000000c2400000, 0x0000000100000000)
  region size 1024K, 3 young (3072K), 3 survivors (3072K)
 Metaspace       used 15117K, capacity 16342K, committed 16640K, reserved 1064960K
  class space    used 1681K, capacity 1940K, committed 2048K, reserved 1048576K
}
Event: 59.577 GC heap before
{Heap before GC invocations=8 (full 0):
 garbage-first heap   total 102400K, used 86495K [0x00000000c2400000, 0x0000000100000000)
  region size 1024K, 35 young (35840K), 3 survivors (3072K)
 Metaspace       used 15804K, capacity 17027K, committed 17408K, reserved 1064960K
  class space    used 1721K, capacity 1980K, committed 2048K, reserved 1048576K
}
Event: 59.950 GC heap after
{Heap after GC invocations=9 (full 0):
 garbage-first heap   total 102400K, used 14152K [0x00000000c2400000, 0x0000000100000000)
  region size 1024K, 4 young (4096K), 4 survivors (4096K)
 Metaspace       used 15804K, capacity 17027K, committed 17408K, reserved 1064960K
  class space    used 1721K, capacity 1980K, committed 2048K, reserved 1048576K
}
Event: 67.868 GC heap before
{Heap before GC invocations=9 (full 0):
 garbage-first heap   total 102400K, used 20296K [0x00000000c2400000, 0x0000000100000000)
  region size 1024K, 10 young (10240K), 4 survivors (4096K)
 Metaspace       used 15819K, capacity 17027K, committed 17408K, reserved 1064960K
  class space    used 1721K, capacity 1980K, committed 2048K, reserved 1048576K
}

Deoptimization events (20 events):
Event: 24.024 Thread 0x00007f07e4016800 Uncommon trap: trap_request=0xffffffbe fr.pc=0x00007f07d449f9fc relative=0x000000000000033c
Event: 24.028 Thread 0x00007f07e4016800 Uncommon trap: reason=profile_predicate action=maybe_recompile pc=0x00007f07d449f9fc method=java.util.regex.Pattern$Slice.match(Ljava/util/regex/Matcher;ILjava/lang/CharSequence;)Z @ 18 c2
Event: 24.028 Thread 0x00007f07e4016800 DEOPT PACKING pc=0x00007f07d449f9fc sp=0x00007f07ed7a9cf0
Event: 24.028 Thread 0x00007f07e4016800 DEOPT UNPACKING pc=0x00007f07cc89d925 sp=0x00007f07ed7a9cb0 mode 2
Event: 24.028 Thread 0x00007f07e4016800 Uncommon trap: trap_request=0xffffffbe fr.pc=0x00007f07d449f9fc relative=0x000000000000033c
Event: 24.029 Thread 0x00007f07e4016800 Uncommon trap: reason=profile_predicate action=maybe_recompile pc=0x00007f07d449f9fc method=java.util.regex.Pattern$Slice.match(Ljava/util/regex/Matcher;ILjava/lang/CharSequence;)Z @ 18 c2
Event: 24.029 Thread 0x00007f07e4016800 DEOPT PACKING pc=0x00007f07d449f9fc sp=0x00007f07ed7a9cf0
Event: 24.029 Thread 0x00007f07e4016800 DEOPT UNPACKING pc=0x00007f07cc89d925 sp=0x00007f07ed7a9cb0 mode 2
Event: 24.029 Thread 0x00007f07e4016800 Uncommon trap: trap_request=0xffffffbe fr.pc=0x00007f07d449f9fc relative=0x000000000000033c
Event: 24.029 Thread 0x00007f07e4016800 Uncommon trap: reason=profile_predicate action=maybe_recompile pc=0x00007f07d449f9fc method=java.util.regex.Pattern$Slice.match(Ljava/util/regex/Matcher;ILjava/lang/CharSequence;)Z @ 18 c2
Event: 24.029 Thread 0x00007f07e4016800 DEOPT PACKING pc=0x00007f07d449f9fc sp=0x00007f07ed7a9cf0
Event: 24.029 Thread 0x00007f07e4016800 DEOPT UNPACKING pc=0x00007f07cc89d925 sp=0x00007f07ed7a9cb0 mode 2
Event: 24.029 Thread 0x00007f07e4016800 Uncommon trap: trap_request=0xffffffbe fr.pc=0x00007f07d449f9fc relative=0x000000000000033c
Event: 24.029 Thread 0x00007f07e4016800 Uncommon trap: reason=profile_predicate action=maybe_recompile pc=0x00007f07d449f9fc method=java.util.regex.Pattern$Slice.match(Ljava/util/regex/Matcher;ILjava/lang/CharSequence;)Z @ 18 c2
Event: 24.029 Thread 0x00007f07e4016800 DEOPT PACKING pc=0x00007f07d449f9fc sp=0x00007f07ed7a9cf0
Event: 24.029 Thread 0x00007f07e4016800 DEOPT UNPACKING pc=0x00007f07cc89d925 sp=0x00007f07ed7a9cb0 mode 2
Event: 57.506 Thread 0x00007f07e4016800 Uncommon trap: trap_request=0xffffff4d fr.pc=0x00007f07d44acdd4 relative=0x00000000000007d4
Event: 57.506 Thread 0x00007f07e4016800 Uncommon trap: reason=unstable_if action=reinterpret pc=0x00007f07d44acdd4 method=org.codehaus.plexus.classworlds.realm.Entry.matches(Ljava/lang/String;)Z @ 165 c2
Event: 57.506 Thread 0x00007f07e4016800 DEOPT PACKING pc=0x00007f07d44acdd4 sp=0x00007f07ed7aa500
Event: 57.521 Thread 0x00007f07e4016800 DEOPT UNPACKING pc=0x00007f07cc89d925 sp=0x00007f07ed7aa4d0 mode 2

Classes redefined (0 events):
No events

Internal exceptions (8 events):
Event: 0.424 Thread 0x00007f07e4016800 Exception <a 'java/lang/NoSuchMethodError'{0x00000000c5ec4418}: 'int java.lang.invoke.DirectMethodHandle$Holder.invokeSpecialIFC(java.lang.Object, java.lang.Object, int)'> (0x00000000c5ec4418) thrown at [src/hotspot/share/interpreter/linkResolver.cpp, line 773]
Event: 3.402 Thread 0x00007f07e4016800 Exception <a 'java/lang/NoClassDefFoundError'{0x00000000c4323cb0}: com/google/inject/servlet/ServletModuleTargetVisitor> (0x00000000c4323cb0) thrown at [src/hotspot/share/classfile/systemDictionary.cpp, line 220]
Event: 3.402 Thread 0x00007f07e4016800 Exception <a 'java/lang/NoClassDefFoundError'{0x00000000c4323cb0}> (0x00000000c4323cb0) thrown at [src/hotspot/share/prims/jvm.cpp, line 1310]
Event: 3.403 Thread 0x00007f07e4016800 Exception <a 'java/lang/NoClassDefFoundError'{0x00000000c4327ab8}: javax/annotation/Priority> (0x00000000c4327ab8) thrown at [src/hotspot/share/classfile/systemDictionary.cpp, line 220]
Event: 3.816 Thread 0x00007f07e4016800 Implicit null exception at 0x00007f07d4370704 to 0x00007f07d4370bec
Event: 3.816 Thread 0x00007f07e4016800 Implicit null exception at 0x00007f07d4365584 to 0x00007f07d4365a90
Event: 4.771 Thread 0x00007f07e4016800 Implicit null exception at 0x00007f07d439d285 to 0x00007f07d439d458
Event: 4.771 Thread 0x00007f07e4016800 Implicit null exception at 0x00007f07d43a1c4b to 0x00007f07d43a22fc

Events (20 events):
Event: 56.508 loading class org/apache/maven/shared/utils/io/IOUtil done
Event: 56.515 loading class org/apache/maven/shared/utils/io/IOUtil
Event: 56.515 loading class org/apache/maven/shared/utils/io/IOUtil done
Event: 56.611 loading class org/apache/maven/shared/utils/io/DirectoryScanner
Event: 56.611 loading class org/apache/maven/shared/utils/io/DirectoryScanner done
Event: 56.632 loading class org/apache/maven/shared/utils/io/DirectoryScanner
Event: 56.632 loading class org/apache/maven/shared/utils/io/DirectoryScanner done
Event: 56.770 loading class org/apache/maven/shared/utils/io/DirectoryScanResult
Event: 56.770 loading class org/apache/maven/shared/utils/io/DirectoryScanResult done
Event: 56.778 loading class org/apache/maven/shared/utils/io/DirectoryScanResult
Event: 56.778 loading class org/apache/maven/shared/utils/io/DirectoryScanResult done
Event: 57.500 loading class org/apache/maven/plugins/resources/Delimiter
Event: 57.500 loading class org/apache/maven/plugins/resources/Delimiter done
Event: 57.505 loading class org/apache/maven/plugins/resources/Delimiter
Event: 57.505 loading class org/apache/maven/plugins/resources/Delimiter done
Event: 57.551 loading class org/apache/maven/plugins/resources/Delimiter
Event: 57.551 loading class org/apache/maven/plugins/resources/Delimiter done
Event: 59.546 Executing VM operation: G1CollectForAllocation
Event: 59.979 Executing VM operation: G1CollectForAllocation done
Event: 67.569 Executing VM operation: G1CollectForAllocation


Dynamic libraries:
c2400000-c8600000 rw-p 00000000 00:00 0 
cbe00000-ffe00000 ---p 00000000 00:00 0 
ffe00000-ffe47000 rw-p 01111000 fc:01 781428                             /usr/lib/jvm/java-11-openjdk-amd64/lib/server/classes.jsa
ffe47000-fff00000 rw-p 00000000 00:00 0 
fff00000-fff6b000 rw-p 010a6000 fc:01 781428                             /usr/lib/jvm/java-11-openjdk-amd64/lib/server/classes.jsa
fff6b000-100000000 rw-p 00000000 00:00 0 
800000000-800002000 rwxp 00001000 fc:01 781428                           /usr/lib/jvm/java-11-openjdk-amd64/lib/server/classes.jsa
800002000-8003b9000 rw-p 00003000 fc:01 781428                           /usr/lib/jvm/java-11-openjdk-amd64/lib/server/classes.jsa
8003b9000-800a96000 r--p 003ba000 fc:01 781428                           /usr/lib/jvm/java-11-openjdk-amd64/lib/server/classes.jsa
800a96000-800a97000 rw-p 00a97000 fc:01 781428                           /usr/lib/jvm/java-11-openjdk-amd64/lib/server/classes.jsa
800a97000-8010a5000 r--p 00a98000 fc:01 781428                           /usr/lib/jvm/java-11-openjdk-amd64/lib/server/classes.jsa
840000000-840200000 rw-p 00000000 00:00 0 
840200000-880000000 ---p 00000000 00:00 0 
561c362bf000-561c362c0000 r-xp 00000000 fc:01 782256                     /usr/lib/jvm/java-11-openjdk-amd64/bin/java
561c364c0000-561c364c1000 r--p 00001000 fc:01 782256                     /usr/lib/jvm/java-11-openjdk-amd64/bin/java
561c364c1000-561c364c2000 rw-p 00002000 fc:01 782256                     /usr/lib/jvm/java-11-openjdk-amd64/bin/java
561c3739f000-561c373c0000 rw-p 00000000 00:00 0                          [heap]
7f0788000000-7f0788021000 rw-p 00000000 00:00 0 
7f0788021000-7f078c000000 ---p 00000000 00:00 0 
7f0790000000-7f07907a4000 rw-p 00000000 00:00 0 
7f07907a4000-7f0794000000 ---p 00000000 00:00 0 
7f0794000000-7f0794021000 rw-p 00000000 00:00 0 
7f0794021000-7f0798000000 ---p 00000000 00:00 0 
7f0798000000-7f0798c62000 rw-p 00000000 00:00 0 
7f0798c62000-7f079c000000 ---p 00000000 00:00 0 
7f079e9ca000-7f079eaca000 rw-p 00000000 00:00 0 
7f079eaca000-7f079ebca000 ---p 00000000 00:00 0 
7f079ebca000-7f079edca000 rw-p 00000000 00:00 0 
7f079edca000-7f079efca000 rw-p 00000000 00:00 0 
7f079efca000-7f079f1ca000 rw-p 00000000 00:00 0 
7f079f1ca000-7f079f1cb000 ---p 00000000 00:00 0 
7f079f1cb000-7f079f2cc000 rw-p 00000000 00:00 0 
7f079f2cc000-7f079f2ce000 r-xp 00000000 fc:01 2222                       /lib/x86_64-linux-gnu/libutil-2.27.so
7f079f2ce000-7f079f4cd000 ---p 00002000 fc:01 2222                       /lib/x86_64-linux-gnu/libutil-2.27.so
7f079f4cd000-7f079f4ce000 r--p 00001000 fc:01 2222                       /lib/x86_64-linux-gnu/libutil-2.27.so
7f079f4ce000-7f079f4cf000 rw-p 00002000 fc:01 2222                       /lib/x86_64-linux-gnu/libutil-2.27.so
7f079f4cf000-7f079f4d2000 r-xp 00000000 fc:01 2736                       /tmp/libjansi-1.17.1-1619910312250495865.so
7f079f4d2000-7f079f6d1000 ---p 00003000 fc:01 2736                       /tmp/libjansi-1.17.1-1619910312250495865.so
7f079f6d1000-7f079f6d2000 rw-p 00002000 fc:01 2736                       /tmp/libjansi-1.17.1-1619910312250495865.so
7f079f6d2000-7f079f6e8000 r-xp 00000000 fc:01 782304                     /usr/lib/jvm/java-11-openjdk-amd64/lib/libnet.so
7f079f6e8000-7f079f8e7000 ---p 00016000 fc:01 782304                     /usr/lib/jvm/java-11-openjdk-amd64/lib/libnet.so
7f079f8e7000-7f079f8e8000 r--p 00015000 fc:01 782304                     /usr/lib/jvm/java-11-openjdk-amd64/lib/libnet.so
7f079f8e8000-7f079f8e9000 rw-p 00016000 fc:01 782304                     /usr/lib/jvm/java-11-openjdk-amd64/lib/libnet.so
7f079f8e9000-7f079f8f9000 r-xp 00000000 fc:01 782305                     /usr/lib/jvm/java-11-openjdk-amd64/lib/libnio.so
7f079f8f9000-7f079faf8000 ---p 00010000 fc:01 782305                     /usr/lib/jvm/java-11-openjdk-amd64/lib/libnio.so
7f079faf8000-7f079faf9000 r--p 0000f000 fc:01 782305                     /usr/lib/jvm/java-11-openjdk-amd64/lib/libnio.so
7f079faf9000-7f079fafa000 rw-p 00010000 fc:01 782305                     /usr/lib/jvm/java-11-openjdk-amd64/lib/libnio.so
7f079fafa000-7f079fafe000 ---p 00000000 00:00 0 
7f079fafe000-7f079fbfb000 rw-p 00000000 00:00 0 
7f079fbfb000-7f079fbfc000 ---p 00000000 00:00 0 
7f079fbfc000-7f079fcfd000 rw-p 00000000 00:00 0 
7f079fcfd000-7f079fd01000 ---p 00000000 00:00 0 
7f079fd01000-7f079fdfe000 rw-p 00000000 00:00 0 
7f079fdfe000-7f079fe02000 ---p 00000000 00:00 0 
7f079fe02000-7f079feff000 rw-p 00000000 00:00 0 
7f079feff000-7f079ff03000 ---p 00000000 00:00 0 
7f079ff03000-7f07a0000000 rw-p 00000000 00:00 0 
7f07a0000000-7f07a0021000 rw-p 00000000 00:00 0 
7f07a0021000-7f07a4000000 ---p 00000000 00:00 0 
7f07a4000000-7f07a4021000 rw-p 00000000 00:00 0 
7f07a4021000-7f07a8000000 ---p 00000000 00:00 0 
7f07a8000000-7f07a8021000 rw-p 00000000 00:00 0 
7f07a8021000-7f07ac000000 ---p 00000000 00:00 0 
7f07ac000000-7f07ac021000 rw-p 00000000 00:00 0 
7f07ac021000-7f07b0000000 ---p 00000000 00:00 0 
7f07b0000000-7f07b0021000 rw-p 00000000 00:00 0 
7f07b0021000-7f07b4000000 ---p 00000000 00:00 0 
7f07b4000000-7f07b4029000 rw-p 00000000 00:00 0 
7f07b4029000-7f07b8000000 ---p 00000000 00:00 0 
7f07b8000000-7f07b8021000 rw-p 00000000 00:00 0 
7f07b8021000-7f07bc000000 ---p 00000000 00:00 0 
7f07bc000000-7f07bc021000 rw-p 00000000 00:00 0 
7f07bc021000-7f07c0000000 ---p 00000000 00:00 0 
7f07c0000000-7f07c0021000 rw-p 00000000 00:00 0 
7f07c0021000-7f07c4000000 ---p 00000000 00:00 0 
7f07c401f000-7f07c4023000 ---p 00000000 00:00 0 
7f07c4023000-7f07c62a8000 rw-p 00000000 00:00 0 
7f07c62a8000-7f07c7088000 ---p 00000000 00:00 0 
7f07c7088000-7f07c7218000 rw-p 00000000 00:00 0 
7f07c7218000-7f07c7ff8000 ---p 00000000 00:00 0 
7f07c7ff8000-7f07c8000000 rw-p 00000000 00:00 0 
7f07c8000000-7f07c8021000 rw-p 00000000 00:00 0 
7f07c8021000-7f07cc000000 ---p 00000000 00:00 0 
7f07cc0e4000-7f07cc0e8000 ---p 00000000 00:00 0 
7f07cc0e8000-7f07cc1e5000 rw-p 00000000 00:00 0 
7f07cc1e5000-7f07cc358000 r--p 00000000 fc:01 7760                       /usr/lib/locale/C.UTF-8/LC_COLLATE
7f07cc358000-7f07cc4f3000 r--p 00000000 fc:01 7757                       /usr/lib/locale/locale-archive
7f07cc4f3000-7f07cc4f7000 ---p 00000000 00:00 0 
7f07cc4f7000-7f07cc5f4000 rw-p 00000000 00:00 0 
7f07cc5f4000-7f07cc5f8000 ---p 00000000 00:00 0 
7f07cc5f8000-7f07cc6f5000 rw-p 00000000 00:00 0 
7f07cc6f5000-7f07cc6f6000 ---p 00000000 00:00 0 
7f07cc6f6000-7f07cc878000 rw-p 00000000 00:00 0 
7f07cc878000-7f07ccae8000 rwxp 00000000 00:00 0 
7f07ccae8000-7f07cce07000 ---p 00000000 00:00 0 
7f07cce07000-7f07cd517000 rwxp 00000000 00:00 0 
7f07cd517000-7f07d433f000 ---p 00000000 00:00 0 
7f07d433f000-7f07d45af000 rwxp 00000000 00:00 0 
7f07d45af000-7f07db878000 ---p 00000000 00:00 0 
7f07db878000-7f07e4000000 r--s 00000000 fc:01 782314                     /usr/lib/jvm/java-11-openjdk-amd64/lib/modules
7f07e4000000-7f07e4c76000 rw-p 00000000 00:00 0 
7f07e4c76000-7f07e8000000 ---p 00000000 00:00 0 
7f07e800d000-7f07e8899000 rw-p 00000000 00:00 0 
7f07e8899000-7f07e889a000 ---p 00000000 00:00 0 
7f07e889a000-7f07e899b000 rw-p 00000000 00:00 0 
7f07e899b000-7f07e899c000 ---p 00000000 00:00 0 
7f07e899c000-7f07e8c9f000 rw-p 00000000 00:00 0 
7f07e8c9f000-7f07e8ca0000 ---p 00000000 00:00 0 
7f07e8ca0000-7f07e8da1000 rw-p 00000000 00:00 0 
7f07e8da1000-7f07e8da2000 ---p 00000000 00:00 0 
7f07e8da2000-7f07e8ed4000 rw-p 00000000 00:00 0 
7f07e8ed4000-7f07e9090000 ---p 00000000 00:00 0 
7f07e9090000-7f07e90c2000 rw-p 00000000 00:00 0 
7f07e90c2000-7f07e927e000 ---p 00000000 00:00 0 
7f07e927e000-7f07e92b0000 rw-p 00000000 00:00 0 
7f07e92b0000-7f07e946c000 ---p 00000000 00:00 0 
7f07e946c000-7f07e966f000 rw-p 00000000 00:00 0 
7f07e966f000-7f07e9670000 ---p 00000000 00:00 0 
7f07e9670000-7f07e9776000 rw-p 00000000 00:00 0 
7f07e9776000-7f07e985c000 ---p 00000000 00:00 0 
7f07e985c000-7f07e986b000 rw-p 00000000 00:00 0 
7f07e986b000-7f07e9947000 ---p 00000000 00:00 0 
7f07e9947000-7f07e994e000 r-xp 00000000 fc:01 782313                     /usr/lib/jvm/java-11-openjdk-amd64/lib/libzip.so
7f07e994e000-7f07e9b4d000 ---p 00007000 fc:01 782313                     /usr/lib/jvm/java-11-openjdk-amd64/lib/libzip.so
7f07e9b4d000-7f07e9b4e000 r--p 00006000 fc:01 782313                     /usr/lib/jvm/java-11-openjdk-amd64/lib/libzip.so
7f07e9b4e000-7f07e9b4f000 rw-p 00007000 fc:01 782313                     /usr/lib/jvm/java-11-openjdk-amd64/lib/libzip.so
7f07e9b4f000-7f07e9b5a000 r-xp 00000000 fc:01 2193                       /lib/x86_64-linux-gnu/libnss_files-2.27.so
7f07e9b5a000-7f07e9d59000 ---p 0000b000 fc:01 2193                       /lib/x86_64-linux-gnu/libnss_files-2.27.so
7f07e9d59000-7f07e9d5a000 r--p 0000a000 fc:01 2193                       /lib/x86_64-linux-gnu/libnss_files-2.27.so
7f07e9d5a000-7f07e9d5b000 rw-p 0000b000 fc:01 2193                       /lib/x86_64-linux-gnu/libnss_files-2.27.so
7f07e9d5b000-7f07e9d61000 rw-p 00000000 00:00 0 
7f07e9d61000-7f07e9d78000 r-xp 00000000 fc:01 2167                       /lib/x86_64-linux-gnu/libnsl-2.27.so
7f07e9d78000-7f07e9f77000 ---p 00017000 fc:01 2167                       /lib/x86_64-linux-gnu/libnsl-2.27.so
7f07e9f77000-7f07e9f78000 r--p 00016000 fc:01 2167                       /lib/x86_64-linux-gnu/libnsl-2.27.so
7f07e9f78000-7f07e9f79000 rw-p 00017000 fc:01 2167                       /lib/x86_64-linux-gnu/libnsl-2.27.so
7f07e9f79000-7f07e9f7b000 rw-p 00000000 00:00 0 
7f07e9f7b000-7f07e9f86000 r-xp 00000000 fc:01 2215                       /lib/x86_64-linux-gnu/libnss_nis-2.27.so
7f07e9f86000-7f07ea185000 ---p 0000b000 fc:01 2215                       /lib/x86_64-linux-gnu/libnss_nis-2.27.so
7f07ea185000-7f07ea186000 r--p 0000a000 fc:01 2215                       /lib/x86_64-linux-gnu/libnss_nis-2.27.so
7f07ea186000-7f07ea187000 rw-p 0000b000 fc:01 2215                       /lib/x86_64-linux-gnu/libnss_nis-2.27.so
7f07ea187000-7f07ea18f000 r-xp 00000000 fc:01 2168                       /lib/x86_64-linux-gnu/libnss_compat-2.27.so
7f07ea18f000-7f07ea38f000 ---p 00008000 fc:01 2168                       /lib/x86_64-linux-gnu/libnss_compat-2.27.so
7f07ea38f000-7f07ea390000 r--p 00008000 fc:01 2168                       /lib/x86_64-linux-gnu/libnss_compat-2.27.so
7f07ea390000-7f07ea391000 rw-p 00009000 fc:01 2168                       /lib/x86_64-linux-gnu/libnss_compat-2.27.so
7f07ea391000-7f07ea396000 r-xp 00000000 fc:01 782296                     /usr/lib/jvm/java-11-openjdk-amd64/lib/libjimage.so
7f07ea396000-7f07ea595000 ---p 00005000 fc:01 782296                     /usr/lib/jvm/java-11-openjdk-amd64/lib/libjimage.so
7f07ea595000-7f07ea596000 r--p 00004000 fc:01 782296                     /usr/lib/jvm/java-11-openjdk-amd64/lib/libjimage.so
7f07ea596000-7f07ea597000 rw-p 00005000 fc:01 782296                     /usr/lib/jvm/java-11-openjdk-amd64/lib/libjimage.so
7f07ea597000-7f07ea5bf000 r-xp 00000000 fc:01 782293                     /usr/lib/jvm/java-11-openjdk-amd64/lib/libjava.so
7f07ea5bf000-7f07ea7bf000 ---p 00028000 fc:01 782293                     /usr/lib/jvm/java-11-openjdk-amd64/lib/libjava.so
7f07ea7bf000-7f07ea7c0000 r--p 00028000 fc:01 782293                     /usr/lib/jvm/java-11-openjdk-amd64/lib/libjava.so
7f07ea7c0000-7f07ea7c1000 rw-p 00029000 fc:01 782293                     /usr/lib/jvm/java-11-openjdk-amd64/lib/libjava.so
7f07ea7c1000-7f07ea7c2000 rw-p 00000000 00:00 0 
7f07ea7c2000-7f07ea7cf000 r-xp 00000000 fc:01 782312                     /usr/lib/jvm/java-11-openjdk-amd64/lib/libverify.so
7f07ea7cf000-7f07ea9ce000 ---p 0000d000 fc:01 782312                     /usr/lib/jvm/java-11-openjdk-amd64/lib/libverify.so
7f07ea9ce000-7f07ea9d0000 r--p 0000c000 fc:01 782312                     /usr/lib/jvm/java-11-openjdk-amd64/lib/libverify.so
7f07ea9d0000-7f07ea9d1000 rw-p 0000e000 fc:01 782312                     /usr/lib/jvm/java-11-openjdk-amd64/lib/libverify.so
7f07ea9d1000-7f07ea9d8000 r-xp 00000000 fc:01 2220                       /lib/x86_64-linux-gnu/librt-2.27.so
7f07ea9d8000-7f07eabd7000 ---p 00007000 fc:01 2220                       /lib/x86_64-linux-gnu/librt-2.27.so
7f07eabd7000-7f07eabd8000 r--p 00006000 fc:01 2220                       /lib/x86_64-linux-gnu/librt-2.27.so
7f07eabd8000-7f07eabd9000 rw-p 00007000 fc:01 2220                       /lib/x86_64-linux-gnu/librt-2.27.so
7f07eabd9000-7f07eabf0000 r-xp 00000000 fc:01 2054                       /lib/x86_64-linux-gnu/libgcc_s.so.1
7f07eabf0000-7f07eadef000 ---p 00017000 fc:01 2054                       /lib/x86_64-linux-gnu/libgcc_s.so.1
7f07eadef000-7f07eadf0000 r--p 00016000 fc:01 2054                       /lib/x86_64-linux-gnu/libgcc_s.so.1
7f07eadf0000-7f07eadf1000 rw-p 00017000 fc:01 2054                       /lib/x86_64-linux-gnu/libgcc_s.so.1
7f07eadf1000-7f07eaf8e000 r-xp 00000000 fc:01 2150                       /lib/x86_64-linux-gnu/libm-2.27.so
7f07eaf8e000-7f07eb18d000 ---p 0019d000 fc:01 2150                       /lib/x86_64-linux-gnu/libm-2.27.so
7f07eb18d000-7f07eb18e000 r--p 0019c000 fc:01 2150                       /lib/x86_64-linux-gnu/libm-2.27.so
7f07eb18e000-7f07eb18f000 rw-p 0019d000 fc:01 2150                       /lib/x86_64-linux-gnu/libm-2.27.so
7f07eb18f000-7f07eb308000 r-xp 00000000 fc:01 4754                       /usr/lib/x86_64-linux-gnu/libstdc++.so.6.0.25
7f07eb308000-7f07eb508000 ---p 00179000 fc:01 4754                       /usr/lib/x86_64-linux-gnu/libstdc++.so.6.0.25
7f07eb508000-7f07eb512000 r--p 00179000 fc:01 4754                       /usr/lib/x86_64-linux-gnu/libstdc++.so.6.0.25
7f07eb512000-7f07eb514000 rw-p 00183000 fc:01 4754                       /usr/lib/x86_64-linux-gnu/libstdc++.so.6.0.25
7f07eb514000-7f07eb518000 rw-p 00000000 00:00 0 
7f07eb518000-7f07ec600000 r-xp 00000000 fc:01 782317                     /usr/lib/jvm/java-11-openjdk-amd64/lib/server/libjvm.so
7f07ec600000-7f07ec7ff000 ---p 010e8000 fc:01 782317                     /usr/lib/jvm/java-11-openjdk-amd64/lib/server/libjvm.so
7f07ec7ff000-7f07ec8c0000 r--p 010e7000 fc:01 782317                     /usr/lib/jvm/java-11-openjdk-amd64/lib/server/libjvm.so
7f07ec8c0000-7f07ec8fb000 rw-p 011a8000 fc:01 782317                     /usr/lib/jvm/java-11-openjdk-amd64/lib/server/libjvm.so
7f07ec8fb000-7f07ec952000 rw-p 00000000 00:00 0 
7f07ec952000-7f07ec96c000 r-xp 00000000 fc:01 2218                       /lib/x86_64-linux-gnu/libpthread-2.27.so
7f07ec96c000-7f07ecb6b000 ---p 0001a000 fc:01 2218                       /lib/x86_64-linux-gnu/libpthread-2.27.so
7f07ecb6b000-7f07ecb6c000 r--p 00019000 fc:01 2218                       /lib/x86_64-linux-gnu/libpthread-2.27.so
7f07ecb6c000-7f07ecb6d000 rw-p 0001a000 fc:01 2218                       /lib/x86_64-linux-gnu/libpthread-2.27.so
7f07ecb6d000-7f07ecb71000 rw-p 00000000 00:00 0 
7f07ecb71000-7f07ecb74000 r-xp 00000000 fc:01 2077                       /lib/x86_64-linux-gnu/libdl-2.27.so
7f07ecb74000-7f07ecd73000 ---p 00003000 fc:01 2077                       /lib/x86_64-linux-gnu/libdl-2.27.so
7f07ecd73000-7f07ecd74000 r--p 00002000 fc:01 2077                       /lib/x86_64-linux-gnu/libdl-2.27.so
7f07ecd74000-7f07ecd75000 rw-p 00003000 fc:01 2077                       /lib/x86_64-linux-gnu/libdl-2.27.so
7f07ecd75000-7f07ecd91000 r-xp 00000000 fc:01 2164                       /lib/x86_64-linux-gnu/libz.so.1.2.11
7f07ecd91000-7f07ecf90000 ---p 0001c000 fc:01 2164                       /lib/x86_64-linux-gnu/libz.so.1.2.11
7f07ecf90000-7f07ecf91000 r--p 0001b000 fc:01 2164                       /lib/x86_64-linux-gnu/libz.so.1.2.11
7f07ecf91000-7f07ecf92000 rw-p 0001c000 fc:01 2164                       /lib/x86_64-linux-gnu/libz.so.1.2.11
7f07ecf92000-7f07ed179000 r-xp 00000000 fc:01 2072                       /lib/x86_64-linux-gnu/libc-2.27.so
7f07ed179000-7f07ed379000 ---p 001e7000 fc:01 2072                       /lib/x86_64-linux-gnu/libc-2.27.so
7f07ed379000-7f07ed37d000 r--p 001e7000 fc:01 2072                       /lib/x86_64-linux-gnu/libc-2.27.so
7f07ed37d000-7f07ed37f000 rw-p 001eb000 fc:01 2072                       /lib/x86_64-linux-gnu/libc-2.27.so
7f07ed37f000-7f07ed383000 rw-p 00000000 00:00 0 
7f07ed383000-7f07ed392000 r-xp 00000000 fc:01 782278                     /usr/lib/jvm/java-11-openjdk-amd64/lib/jli/libjli.so
7f07ed392000-7f07ed591000 ---p 0000f000 fc:01 782278                     /usr/lib/jvm/java-11-openjdk-amd64/lib/jli/libjli.so
7f07ed591000-7f07ed592000 r--p 0000e000 fc:01 782278                     /usr/lib/jvm/java-11-openjdk-amd64/lib/jli/libjli.so
7f07ed592000-7f07ed593000 rw-p 0000f000 fc:01 782278                     /usr/lib/jvm/java-11-openjdk-amd64/lib/jli/libjli.so
7f07ed593000-7f07ed5ba000 r-xp 00000000 fc:01 2068                       /lib/x86_64-linux-gnu/ld-2.27.so
7f07ed5d0000-7f07ed601000 r--p 00000000 fc:01 7761                       /usr/lib/locale/C.UTF-8/LC_CTYPE
7f07ed601000-7f07ed602000 r--p 00000000 fc:01 7766                       /usr/lib/locale/C.UTF-8/LC_NUMERIC
7f07ed602000-7f07ed603000 r--p 00000000 fc:01 7769                       /usr/lib/locale/C.UTF-8/LC_TIME
7f07ed603000-7f07ed604000 r--p 00000000 fc:01 7764                       /usr/lib/locale/C.UTF-8/LC_MONETARY
7f07ed604000-7f07ed605000 r--p 00000000 fc:01 7771                       /usr/lib/locale/C.UTF-8/LC_MESSAGES/SYS_LC_MESSAGES
7f07ed605000-7f07ed606000 r--p 00000000 fc:01 7767                       /usr/lib/locale/C.UTF-8/LC_PAPER
7f07ed606000-7f07ed607000 r--p 00000000 fc:01 7765                       /usr/lib/locale/C.UTF-8/LC_NAME
7f07ed607000-7f07ed60e000 r--s 00000000 fc:01 5012                       /usr/lib/x86_64-linux-gnu/gconv/gconv-modules.cache
7f07ed60e000-7f07ed69e000 rw-p 00000000 00:00 0 
7f07ed69e000-7f07ed6a5000 ---p 00000000 00:00 0 
7f07ed6a5000-7f07ed6ad000 rw-s 00000000 fc:01 784272                     /tmp/hsperfdata_soutra_resto/9017
7f07ed6ad000-7f07ed6b1000 ---p 00000000 00:00 0 
7f07ed6b1000-7f07ed7b0000 rw-p 00000000 00:00 0 
7f07ed7b0000-7f07ed7b1000 r--p 00000000 fc:01 7759                       /usr/lib/locale/C.UTF-8/LC_ADDRESS
7f07ed7b1000-7f07ed7b2000 r--p 00000000 fc:01 7768                       /usr/lib/locale/C.UTF-8/LC_TELEPHONE
7f07ed7b2000-7f07ed7b3000 r--p 00000000 fc:01 7763                       /usr/lib/locale/C.UTF-8/LC_MEASUREMENT
7f07ed7b3000-7f07ed7b4000 r--p 00000000 fc:01 7762                       /usr/lib/locale/C.UTF-8/LC_IDENTIFICATION
7f07ed7b4000-7f07ed7b6000 r--s 00007000 fc:01 64510                      /usr/share/java/java-atk-wrapper.jar
7f07ed7b6000-7f07ed7b7000 ---p 00000000 00:00 0 
7f07ed7b7000-7f07ed7b8000 r--p 00000000 00:00 0 
7f07ed7b8000-7f07ed7ba000 rw-p 00000000 00:00 0 
7f07ed7ba000-7f07ed7bb000 r--p 00027000 fc:01 2068                       /lib/x86_64-linux-gnu/ld-2.27.so
7f07ed7bb000-7f07ed7bc000 rw-p 00028000 fc:01 2068                       /lib/x86_64-linux-gnu/ld-2.27.so
7f07ed7bc000-7f07ed7bd000 rw-p 00000000 00:00 0 
7ffc62c15000-7ffc62c36000 rw-p 00000000 00:00 0                          [stack]
7ffc62d12000-7ffc62d15000 r--p 00000000 00:00 0                          [vvar]
7ffc62d15000-7ffc62d17000 r-xp 00000000 00:00 0                          [vdso]
ffffffffff600000-ffffffffff601000 r-xp 00000000 00:00 0                  [vsyscall]


VM Arguments:
jvm_args: -Dmaven.home=/home/soutra_resto/amarispayprod/micro-services -Dmaven.multiModuleProjectDirectory=/home/soutra_resto/amarispayprod/micro-services/notification-service 
java_command: org.apache.maven.wrapper.MavenWrapperMain spring-boot:run
java_class_path (initial): /home/soutra_resto/amarispayprod/micro-services/notification-service/.mvn/wrapper/maven-wrapper.jar
Launcher Type: SUN_STANDARD

[Global flags]
     intx CICompilerCount                          = 2                                         {product} {ergonomic}
     uint ConcGCThreads                            = 1                                         {product} {ergonomic}
     uint G1ConcRefinementThreads                  = 2                                         {product} {ergonomic}
   size_t G1HeapRegionSize                         = 1048576                                   {product} {ergonomic}
    uintx GCDrainStackTargetSize                   = 64                                        {product} {ergonomic}
   size_t InitialHeapSize                          = 65011712                                  {product} {ergonomic}
   size_t MarkStackSize                            = 4194304                                   {product} {ergonomic}
   size_t MaxHeapSize                              = 1035993088                                {product} {ergonomic}
   size_t MaxNewSize                               = 620756992                                 {product} {ergonomic}
   size_t MinHeapDeltaBytes                        = 1048576                                   {product} {ergonomic}
    uintx NonNMethodCodeHeapSize                   = 5825164                                {pd product} {ergonomic}
    uintx NonProfiledCodeHeapSize                  = 122916538                              {pd product} {ergonomic}
    uintx ProfiledCodeHeapSize                     = 122916538                              {pd product} {ergonomic}
    uintx ReservedCodeCacheSize                    = 251658240                              {pd product} {ergonomic}
     bool SegmentedCodeCache                       = true                                      {product} {ergonomic}
     bool UseCompressedClassPointers               = true                                 {lp64_product} {ergonomic}
     bool UseCompressedOops                        = true                                 {lp64_product} {ergonomic}
     bool UseG1GC                                  = true                                      {product} {ergonomic}

Logging:
Log output configuration:
 #0: stdout all=warning uptime,level,tags
 #1: stderr all=off uptime,level,tags

Environment Variables:
JAVA_HOME=/usr/lib/jvm/java-11-openjdk-amd64
PATH=/usr/local/sbin:/usr/local/bin:/usr/sbin:/usr/bin:/sbin:/bin:/usr/games:/usr/local/games:/snap/bin
SHELL=/bin/bash
LANG=C.UTF-8

Signal Handlers:
SIGSEGV: [libjvm.so+0xe1d0a0], sa_mask[0]=11111111011111111101111111111110, sa_flags=SA_RESTART|SA_SIGINFO
SIGBUS: [libjvm.so+0xe1d0a0], sa_mask[0]=11111111011111111101111111111110, sa_flags=SA_RESTART|SA_SIGINFO
SIGFPE: [libjvm.so+0xe1d0a0], sa_mask[0]=11111111011111111101111111111110, sa_flags=SA_RESTART|SA_SIGINFO
SIGPIPE: [libjvm.so+0xb717f0], sa_mask[0]=11111111011111111101111111111110, sa_flags=SA_RESTART|SA_SIGINFO
SIGXFSZ: [libjvm.so+0xb717f0], sa_mask[0]=11111111011111111101111111111110, sa_flags=SA_RESTART|SA_SIGINFO
SIGILL: [libjvm.so+0xe1d0a0], sa_mask[0]=11111111011111111101111111111110, sa_flags=SA_RESTART|SA_SIGINFO
SIGUSR2: [libjvm.so+0xb71680], sa_mask[0]=00000000000000000000000000000000, sa_flags=SA_RESTART|SA_SIGINFO
SIGHUP: [libjvm.so+0xb71b30], sa_mask[0]=11111111011111111101111111111110, sa_flags=SA_RESTART|SA_SIGINFO
SIGINT: [libjvm.so+0xb71b30], sa_mask[0]=11111111011111111101111111111110, sa_flags=SA_RESTART|SA_SIGINFO
SIGTERM: [libjvm.so+0xb71b30], sa_mask[0]=11111111011111111101111111111110, sa_flags=SA_RESTART|SA_SIGINFO
SIGQUIT: [libjvm.so+0xb71b30], sa_mask[0]=11111111011111111101111111111110, sa_flags=SA_RESTART|SA_SIGINFO


---------------  S Y S T E M  ---------------

OS:DISTRIB_ID=Ubuntu
DISTRIB_RELEASE=18.04
DISTRIB_CODENAME=bionic
DISTRIB_DESCRIPTION="Ubuntu 18.04.5 LTS"
uname:Linux 4.15.0-143-generic #147-Ubuntu SMP Wed Apr 14 16:10:11 UTC 2021 x86_64
OS uptime: 0 days 3:48 hours
libc:glibc 2.27 NPTL 2.27 
rlimit (soft/hard): STACK 8192k/infinity , CORE 0k/infinity , NPROC 15675/15675 , NOFILE 1048576/1048576 , AS infinity/infinity , CPU infinity/infinity , DATA infinity/infinity , FSIZE infinity/infinity , MEMLOCK 16384k/16384k
load average:16.73 4.89 1.85

/proc/meminfo:
MemTotal:        4039212 kB
MemFree:           85216 kB
MemAvailable:          0 kB
Buffers:             524 kB
Cached:            27804 kB
SwapCached:            0 kB
Active:          3777796 kB
Inactive:          13104 kB
Active(anon):    3771180 kB
Inactive(anon):     4808 kB
Active(file):       6616 kB
Inactive(file):     8296 kB
Unevictable:           0 kB
Mlocked:               0 kB
SwapTotal:             0 kB
SwapFree:              0 kB
Dirty:                68 kB
Writeback:           288 kB
AnonPages:       3762692 kB
Mapped:            23068 kB
Shmem:             13296 kB
Slab:              91972 kB
SReclaimable:      40812 kB
SUnreclaim:        51160 kB
KernelStack:       10240 kB
PageTables:        26924 kB
NFS_Unstable:          0 kB
Bounce:                0 kB
WritebackTmp:          0 kB
CommitLimit:     2019604 kB
Committed_AS:    5370372 kB
VmallocTotal:   34359738367 kB
VmallocUsed:           0 kB
VmallocChunk:          0 kB
HardwareCorrupted:     0 kB
AnonHugePages:         0 kB
ShmemHugePages:        0 kB
ShmemPmdMapped:        0 kB
CmaTotal:              0 kB
CmaFree:               0 kB
HugePages_Total:       0
HugePages_Free:        0
HugePages_Rsvd:        0
HugePages_Surp:        0
Hugepagesize:       2048 kB
DirectMap4k:      247788 kB
DirectMap2M:     3946496 kB

/sys/kernel/mm/transparent_hugepage/enabled:
always [madvise] never
/sys/kernel/mm/transparent_hugepage/defrag (defrag/compaction efforts parameter):
always defer defer+madvise [madvise] never

Process Memory:
Virtual Size: 3573488K (peak: 12437220K)
Resident Set Size: 160044K (peak: 165884K) (anon: 160044K, file: 0K, shmem: 0K)
Swapped out: 0K
C-Heap outstanding allocations: 14583K

/proc/sys/kernel/threads-max (system-wide limit on the number of threads):
31350
/proc/sys/vm/max_map_count (maximum number of memory map areas a process may have):
65530
/proc/sys/kernel/pid_max (system-wide limit on number of process identifiers):
32768

container (cgroup) information:
container_type: cgroupv1
cpu_cpuset_cpus: 0-1
cpu_memory_nodes: 0
active_processor_count: 2
cpu_quota: -1
cpu_period: 100000
cpu_shares: -1
memory_limit_in_bytes: -1
memory_and_swap_limit_in_bytes: -2
memory_soft_limit_in_bytes: -1
memory_usage_in_bytes: 677720064
memory_max_usage_in_bytes: 705347584

KVM virtualization detected
Steal ticks since vm start: 34
Steal ticks percentage since vm start:  0.002

CPU:total 2 (initial active 2) (2 cores per cpu, 1 threads per core) family 6 model 63 stepping 2 microcode 0x1, cmov, cx8, fxsr, mmx, sse, sse2, sse3, ssse3, sse4.1, sse4.2, popcnt, avx, avx2, aes, clmul, erms, lzcnt, tsc, bmi1, bmi2, fma
CPU Model and flags from /proc/cpuinfo:
model name	: DO-Regular
flags		: fpu vme de pse tsc msr pae mce cx8 apic sep mtrr pge mca cmov pat pse36 clflush mmx fxsr sse sse2 ss ht syscall nx rdtscp lm constant_tsc arch_perfmon rep_good nopl cpuid tsc_known_freq pni pclmulqdq vmx ssse3 fma cx16 pcid sse4_1 sse4_2 x2apic movbe popcnt tsc_deadline_timer aes xsave avx f16c rdrand hypervisor lahf_lm abm cpuid_fault invpcid_single pti ssbd ibrs ibpb fsgsbase tsc_adjust bmi1 avx2 smep bmi2 erms invpcid xsaveopt md_clear
Online cpus:
0-1
Offline cpus:

BIOS frequency limitation:
<Not Available>
Frequency switch latency (ns):
<Not Available>
Available cpu frequencies:
<Not Available>
Current governor:
<Not Available>
Core performance/turbo boost:
<Not Available>

Memory: 4k page, physical 4039212k(84976k free), swap 0k(0k free)

vm_info: OpenJDK 64-Bit Server VM (11.0.11+9-Ubuntu-0ubuntu2.18.04) for linux-amd64 JRE (11.0.11+9-Ubuntu-0ubuntu2.18.04), built on Apr 21 2021 09:15:32 by "unknown" with gcc 8.4.0

END.
