#
# There is insufficient memory for the Java Runtime Environment to continue.
# Native memory allocation (mmap) failed to map 61865984 bytes for committing reserved memory.
# Possible reasons:
#   The system is out of physical RAM or swap space
#   The process is running with CompressedOops enabled, and the Java Heap may be blocking the growth of the native heap
# Possible solutions:
#   Reduce memory load on the system
#   Increase physical memory or swap space
#   Check if swap backing store is full
#   Decrease Java heap size (-Xmx/-Xms)
#   Decrease number of Java threads
#   Decrease Java thread stack sizes (-Xss)
#   Set larger code cache with -XX:ReservedCodeCacheSize=
#   JVM is running with Unscaled Compressed Oops mode in which the Java heap is
#     placed in the first 4GB address space. The Java Heap base address is the
#     maximum limit for the native heap growth. Please use -XX:HeapBaseMinAddress
#     to set the Java Heap base and to place the Java Heap above 4GB virtual address.
# This output file may be truncated or incomplete.
#
#  Out of Memory Error (os_linux.cpp:2985), pid=24672, tid=24693
#
# JRE version: OpenJDK Runtime Environment (11.0.11+9) (build 11.0.11+9-Ubuntu-0ubuntu2.18.04)
# Java VM: OpenJDK 64-Bit Server VM (11.0.11+9-Ubuntu-0ubuntu2.18.04, mixed mode, sharing, tiered, compressed oops, g1 gc, linux-amd64)
# Core dump will be written. Default location: Core dumps may be processed with "/usr/share/apport/apport %p %s %c %d %P %E" (or dumping to /home/soutra_resto/amarispayprod/micro-services/notification-service/core.24672)
#

---------------  S U M M A R Y ------------

Command Line: -Dmaven.home=/home/soutra_resto/amarispayprod/micro-services -Dmaven.multiModuleProjectDirectory=/home/soutra_resto/amarispayprod/micro-services/notification-service org.apache.maven.wrapper.MavenWrapperMain spring-boot:run

Host: DO-Regular, 2 cores, 3G, Ubuntu 18.04.5 LTS
Time: Wed May 19 09:26:17 2021 UTC elapsed time: 12.443058 seconds (0d 0h 0m 12s)

---------------  T H R E A D  ---------------

Current thread (0x00007f21140b5000):  VMThread "VM Thread" [stack: 0x00007f2118209000,0x00007f2118309000] [id=24693]

Stack: [0x00007f2118209000,0x00007f2118309000],  sp=0x00007f2118306e40,  free space=1015k
Native frames: (J=compiled Java code, A=aot compiled Java code, j=interpreted, Vv=VM code, C=native code)
V  [libjvm.so+0xe1c39a]
V  [libjvm.so+0xe1d04b]
V  [libjvm.so+0x649755]
V  [libjvm.so+0xb76a88]
V  [libjvm.so+0xb6cf2d]
V  [libjvm.so+0x76107f]
V  [libjvm.so+0x76142e]
V  [libjvm.so+0x76aac6]
V  [libjvm.so+0x7e31c4]
V  [libjvm.so+0x7e3dd0]
V  [libjvm.so+0x7e41e7]
V  [libjvm.so+0x71ed30]
V  [libjvm.so+0x7236fc]
V  [libjvm.so+0xe27364]
V  [libjvm.so+0xe1eb58]
V  [libjvm.so+0xe24a47]
V  [libjvm.so+0xe250d8]
V  [libjvm.so+0xe253e3]
V  [libjvm.so+0xdb67e9]
V  [libjvm.so+0xb7b34e]

VM_Operation (0x00007f211e2659a0): G1CollectForAllocation, mode: safepoint, requested by thread 0x00007f2114016800


---------------  P R O C E S S  ---------------

Threads class SMR info:
_java_thread_list=0x00007f211410fe70, length=9, elements={
0x00007f2114016800, 0x00007f21140b8000, 0x00007f21140ba000, 0x00007f21140c2800,
0x00007f21140c4800, 0x00007f21140c6800, 0x00007f21140c8800, 0x00007f21140ca800,
0x00007f211410e800
}

Java Threads: ( => current thread )
  0x00007f2114016800 JavaThread "main" [_thread_blocked, id=24687, stack(0x00007f211e169000,0x00007f211e26a000)]
  0x00007f21140b8000 JavaThread "Reference Handler" daemon [_thread_blocked, id=24694, stack(0x00007f2118106000,0x00007f2118207000)]
  0x00007f21140ba000 JavaThread "Finalizer" daemon [_thread_blocked, id=24695, stack(0x00007f2118005000,0x00007f2118106000)]
  0x00007f21140c2800 JavaThread "Signal Dispatcher" daemon [_thread_blocked, id=24696, stack(0x00007f20f4c81000,0x00007f20f4d82000)]
  0x00007f21140c4800 JavaThread "Service Thread" daemon [_thread_blocked, id=24697, stack(0x00007f20f4b80000,0x00007f20f4c81000)]
  0x00007f21140c6800 JavaThread "C2 CompilerThread0" daemon [_thread_blocked, id=24698, stack(0x00007f20f4a7f000,0x00007f20f4b80000)]
  0x00007f21140c8800 JavaThread "C1 CompilerThread0" daemon [_thread_blocked, id=24699, stack(0x00007f20f497e000,0x00007f20f4a7f000)]
  0x00007f21140ca800 JavaThread "Sweeper thread" daemon [_thread_blocked, id=24700, stack(0x00007f20f487d000,0x00007f20f497e000)]
  0x00007f211410e800 JavaThread "Common-Cleaner" daemon [_thread_blocked, id=24702, stack(0x00007f20f467a000,0x00007f20f477b000)]

Other Threads:
=>0x00007f21140b5000 VMThread "VM Thread" [stack: 0x00007f2118209000,0x00007f2118309000] [id=24693]
  0x00007f211410c000 WatcherThread [stack: 0x00007f20f477d000,0x00007f20f487d000] [id=24701]
  0x00007f211402f000 GCTaskThread "GC Thread#0" [stack: 0x00007f211a12d000,0x00007f211a22d000] [id=24688]
  0x00007f20e4001000 GCTaskThread "GC Thread#1" [stack: 0x00007f20bfcfd000,0x00007f20bfdfd000] [id=24703]
  0x00007f211404a000 ConcurrentGCThread "G1 Main Marker" [stack: 0x00007f21188ef000,0x00007f21189ef000] [id=24689]
  0x00007f211404c000 ConcurrentGCThread "G1 Conc#0" [stack: 0x00007f21187ed000,0x00007f21188ed000] [id=24690]
  0x00007f2114087000 ConcurrentGCThread "G1 Refine#0" [stack: 0x00007f21184e9000,0x00007f21185e9000] [id=24691]
  0x00007f2114089000 ConcurrentGCThread "G1 Young RemSet Sampling" [stack: 0x00007f21183e7000,0x00007f21184e7000] [id=24692]

Threads with active compile tasks:
C2 CompilerThread0  12450 3677   !   4       org.apache.maven.model.Plugin::clone (204 bytes)
C1 CompilerThread0  12451 3735       3       org.eclipse.aether.internal.impl.SimpleLocalRepositoryManager::getPathForArtifact (172 bytes)

VM state:at safepoint (normal execution)

VM Mutex/Monitor currently owned by a thread:  ([mutex/lock_event])
[0x00007f2114012cc0] Threads_lock - owner thread: 0x00007f21140b5000
[0x00007f21140134a0] Heap_lock - owner thread: 0x00007f2114016800

Heap address: 0x00000000c2400000, size: 988 MB, Compressed Oops mode: 32-bit
Narrow klass base: 0x0000000800000000, Narrow klass shift: 3
Compressed class space size: 1073741824 Address: 0x0000000840000000

Heap:
 garbage-first heap   total 167936K, used 15300K [0x00000000c2400000, 0x0000000100000000)
  region size 1024K, 3 young (3072K), 3 survivors (3072K)
 Metaspace       used 15910K, capacity 17095K, committed 17408K, reserved 1064960K
  class space    used 1722K, capacity 1981K, committed 2048K, reserved 1048576K
Heap Regions: E=young(eden), S=young(survivor), O=old, HS=humongous(starts), HC=humongous(continues), CS=collection set, F=free, A=archive, TAMS=top-at-mark-start (previous, next)
|   0|0x00000000c2400000, 0x00000000c2500000, 0x00000000c2500000|100%| O|  |TAMS 0x00000000c2500000, 0x00000000c2400000| Untracked 
|   1|0x00000000c2500000, 0x00000000c2600000, 0x00000000c2600000|100%| O|  |TAMS 0x00000000c2600000, 0x00000000c2500000| Untracked 
|   2|0x00000000c2600000, 0x00000000c2700000, 0x00000000c2700000|100%| O|  |TAMS 0x00000000c2700000, 0x00000000c2600000| Untracked 
|   3|0x00000000c2700000, 0x00000000c2800000, 0x00000000c2800000|100%| O|  |TAMS 0x00000000c2800000, 0x00000000c2700000| Untracked 
|   4|0x00000000c2800000, 0x00000000c2800000, 0x00000000c2900000|  0%| F|  |TAMS 0x00000000c2800000, 0x00000000c2800000| Untracked 
|   5|0x00000000c2900000, 0x00000000c2900000, 0x00000000c2a00000|  0%| F|  |TAMS 0x00000000c2900000, 0x00000000c2900000| Untracked 
|   6|0x00000000c2a00000, 0x00000000c2a00000, 0x00000000c2b00000|  0%| F|  |TAMS 0x00000000c2a00000, 0x00000000c2a00000| Untracked 
|   7|0x00000000c2b00000, 0x00000000c2b00000, 0x00000000c2c00000|  0%| F|  |TAMS 0x00000000c2b00000, 0x00000000c2b00000| Untracked 
|   8|0x00000000c2c00000, 0x00000000c2c00000, 0x00000000c2d00000|  0%| F|  |TAMS 0x00000000c2c00000, 0x00000000c2c00000| Untracked 
|   9|0x00000000c2d00000, 0x00000000c2d00000, 0x00000000c2e00000|  0%| F|  |TAMS 0x00000000c2d00000, 0x00000000c2d00000| Untracked 
|  10|0x00000000c2e00000, 0x00000000c2e00000, 0x00000000c2f00000|  0%| F|  |TAMS 0x00000000c2e00000, 0x00000000c2e00000| Untracked 
|  11|0x00000000c2f00000, 0x00000000c2f00000, 0x00000000c3000000|  0%| F|  |TAMS 0x00000000c2f00000, 0x00000000c2f00000| Untracked 
|  12|0x00000000c3000000, 0x00000000c3000000, 0x00000000c3100000|  0%| F|  |TAMS 0x00000000c3000000, 0x00000000c3000000| Untracked 
|  13|0x00000000c3100000, 0x00000000c3100000, 0x00000000c3200000|  0%| F|  |TAMS 0x00000000c3100000, 0x00000000c3100000| Untracked 
|  14|0x00000000c3200000, 0x00000000c3200000, 0x00000000c3300000|  0%| F|  |TAMS 0x00000000c3200000, 0x00000000c3200000| Untracked 
|  15|0x00000000c3300000, 0x00000000c3300000, 0x00000000c3400000|  0%| F|  |TAMS 0x00000000c3300000, 0x00000000c3300000| Untracked 
|  16|0x00000000c3400000, 0x00000000c3400000, 0x00000000c3500000|  0%| F|  |TAMS 0x00000000c3400000, 0x00000000c3400000| Untracked 
|  17|0x00000000c3500000, 0x00000000c3500000, 0x00000000c3600000|  0%| F|  |TAMS 0x00000000c3500000, 0x00000000c3500000| Untracked 
|  18|0x00000000c3600000, 0x00000000c3600000, 0x00000000c3700000|  0%| F|  |TAMS 0x00000000c3600000, 0x00000000c3600000| Untracked 
|  19|0x00000000c3700000, 0x00000000c3700000, 0x00000000c3800000|  0%| F|  |TAMS 0x00000000c3700000, 0x00000000c3700000| Untracked 
|  20|0x00000000c3800000, 0x00000000c3800000, 0x00000000c3900000|  0%| F|  |TAMS 0x00000000c3800000, 0x00000000c3800000| Untracked 
|  21|0x00000000c3900000, 0x00000000c3900000, 0x00000000c3a00000|  0%| F|  |TAMS 0x00000000c3900000, 0x00000000c3900000| Untracked 
|  22|0x00000000c3a00000, 0x00000000c3a00000, 0x00000000c3b00000|  0%| F|  |TAMS 0x00000000c3a00000, 0x00000000c3a00000| Untracked 
|  23|0x00000000c3b00000, 0x00000000c3b00000, 0x00000000c3c00000|  0%| F|  |TAMS 0x00000000c3b00000, 0x00000000c3b00000| Untracked 
|  24|0x00000000c3c00000, 0x00000000c3c00000, 0x00000000c3d00000|  0%| F|  |TAMS 0x00000000c3c00000, 0x00000000c3c00000| Untracked 
|  25|0x00000000c3d00000, 0x00000000c3d00000, 0x00000000c3e00000|  0%| F|  |TAMS 0x00000000c3d00000, 0x00000000c3d00000| Untracked 
|  26|0x00000000c3e00000, 0x00000000c3e00000, 0x00000000c3f00000|  0%| F|  |TAMS 0x00000000c3e00000, 0x00000000c3e00000| Untracked 
|  27|0x00000000c3f00000, 0x00000000c3f00000, 0x00000000c4000000|  0%| F|  |TAMS 0x00000000c3f00000, 0x00000000c3f00000| Untracked 
|  28|0x00000000c4000000, 0x00000000c4000000, 0x00000000c4100000|  0%| F|  |TAMS 0x00000000c4000000, 0x00000000c4000000| Untracked 
|  29|0x00000000c4100000, 0x00000000c4100000, 0x00000000c4200000|  0%| F|  |TAMS 0x00000000c4100000, 0x00000000c4100000| Untracked 
|  30|0x00000000c4200000, 0x00000000c4200000, 0x00000000c4300000|  0%| F|  |TAMS 0x00000000c4200000, 0x00000000c4200000| Untracked 
|  31|0x00000000c4300000, 0x00000000c4300000, 0x00000000c4400000|  0%| F|  |TAMS 0x00000000c4300000, 0x00000000c4300000| Untracked 
|  32|0x00000000c4400000, 0x00000000c4400000, 0x00000000c4500000|  0%| F|  |TAMS 0x00000000c4400000, 0x00000000c4400000| Untracked 
|  33|0x00000000c4500000, 0x00000000c4500000, 0x00000000c4600000|  0%| F|  |TAMS 0x00000000c4500000, 0x00000000c4500000| Untracked 
|  34|0x00000000c4600000, 0x00000000c4600000, 0x00000000c4700000|  0%| F|  |TAMS 0x00000000c4600000, 0x00000000c4600000| Untracked 
|  35|0x00000000c4700000, 0x00000000c4700000, 0x00000000c4800000|  0%| F|  |TAMS 0x00000000c4700000, 0x00000000c4700000| Untracked 
|  36|0x00000000c4800000, 0x00000000c4800000, 0x00000000c4900000|  0%| F|  |TAMS 0x00000000c4800000, 0x00000000c4800000| Untracked 
|  37|0x00000000c4900000, 0x00000000c4900000, 0x00000000c4a00000|  0%| F|  |TAMS 0x00000000c4900000, 0x00000000c4900000| Untracked 
|  38|0x00000000c4a00000, 0x00000000c4a00000, 0x00000000c4b00000|  0%| F|  |TAMS 0x00000000c4a00000, 0x00000000c4a00000| Untracked 
|  39|0x00000000c4b00000, 0x00000000c4b00000, 0x00000000c4c00000|  0%| F|  |TAMS 0x00000000c4b00000, 0x00000000c4b00000| Untracked 
|  40|0x00000000c4c00000, 0x00000000c4c00000, 0x00000000c4d00000|  0%| F|  |TAMS 0x00000000c4c00000, 0x00000000c4c00000| Untracked 
|  41|0x00000000c4d00000, 0x00000000c4d00000, 0x00000000c4e00000|  0%| F|  |TAMS 0x00000000c4d00000, 0x00000000c4d00000| Untracked 
|  42|0x00000000c4e00000, 0x00000000c4e00000, 0x00000000c4f00000|  0%| F|  |TAMS 0x00000000c4e00000, 0x00000000c4e00000| Untracked 
|  43|0x00000000c4f00000, 0x00000000c4f00000, 0x00000000c5000000|  0%| F|  |TAMS 0x00000000c4f00000, 0x00000000c4f00000| Untracked 
|  44|0x00000000c5000000, 0x00000000c5100000, 0x00000000c5100000|100%| O|  |TAMS 0x00000000c5100000, 0x00000000c5000000| Untracked 
|  45|0x00000000c5100000, 0x00000000c5200000, 0x00000000c5200000|100%| O|  |TAMS 0x00000000c51de200, 0x00000000c5100000| Untracked 
|  46|0x00000000c5200000, 0x00000000c5300000, 0x00000000c5300000|100%| O|  |TAMS 0x00000000c5200000, 0x00000000c5200000| Untracked 
|  47|0x00000000c5300000, 0x00000000c5400000, 0x00000000c5400000|100%| O|  |TAMS 0x00000000c5300000, 0x00000000c5300000| Untracked 
|  48|0x00000000c5400000, 0x00000000c5500000, 0x00000000c5500000|100%| O|  |TAMS 0x00000000c5400000, 0x00000000c5400000| Untracked 
|  49|0x00000000c5500000, 0x00000000c5600000, 0x00000000c5600000|100%| O|  |TAMS 0x00000000c5500000, 0x00000000c5500000| Untracked 
|  50|0x00000000c5600000, 0x00000000c5700000, 0x00000000c5700000|100%| O|  |TAMS 0x00000000c5600000, 0x00000000c5600000| Untracked 
|  51|0x00000000c5700000, 0x00000000c5797600, 0x00000000c5800000| 59%| O|  |TAMS 0x00000000c5700000, 0x00000000c5700000| Untracked 
|  52|0x00000000c5800000, 0x00000000c5800000, 0x00000000c5900000|  0%| F|  |TAMS 0x00000000c5800000, 0x00000000c5800000| Untracked 
|  53|0x00000000c5900000, 0x00000000c5900000, 0x00000000c5a00000|  0%| F|  |TAMS 0x00000000c5900000, 0x00000000c5900000| Untracked 
|  54|0x00000000c5a00000, 0x00000000c5a00000, 0x00000000c5b00000|  0%| F|  |TAMS 0x00000000c5a00000, 0x00000000c5a00000| Untracked 
|  55|0x00000000c5b00000, 0x00000000c5b00000, 0x00000000c5c00000|  0%| F|  |TAMS 0x00000000c5b00000, 0x00000000c5b00000| Untracked 
|  56|0x00000000c5c00000, 0x00000000c5c00000, 0x00000000c5d00000|  0%| F|  |TAMS 0x00000000c5c00000, 0x00000000c5c00000| Untracked 
|  57|0x00000000c5d00000, 0x00000000c5d00000, 0x00000000c5e00000|  0%| F|  |TAMS 0x00000000c5d00000, 0x00000000c5d00000| Untracked 
|  58|0x00000000c5e00000, 0x00000000c5e00000, 0x00000000c5f00000|  0%| F|  |TAMS 0x00000000c5e00000, 0x00000000c5e00000| Untracked 
|  59|0x00000000c5f00000, 0x00000000c5f00000, 0x00000000c6000000|  0%| F|  |TAMS 0x00000000c5f00000, 0x00000000c5f00000| Untracked 
|  60|0x00000000c6000000, 0x00000000c6000000, 0x00000000c6100000|  0%| F|  |TAMS 0x00000000c6000000, 0x00000000c6000000| Untracked 
|  61|0x00000000c6100000, 0x00000000c6100000, 0x00000000c6200000|  0%| F|  |TAMS 0x00000000c6100000, 0x00000000c6100000| Untracked 
|  62|0x00000000c6200000, 0x00000000c6200000, 0x00000000c6300000|  0%| F|  |TAMS 0x00000000c6200000, 0x00000000c6200000| Untracked 
|  63|0x00000000c6300000, 0x00000000c6300000, 0x00000000c6400000|  0%| F|  |TAMS 0x00000000c6300000, 0x00000000c6300000| Untracked 
|  64|0x00000000c6400000, 0x00000000c6400000, 0x00000000c6500000|  0%| F|  |TAMS 0x00000000c6400000, 0x00000000c6400000| Untracked 
|  65|0x00000000c6500000, 0x00000000c6500000, 0x00000000c6600000|  0%| F|  |TAMS 0x00000000c6500000, 0x00000000c6500000| Untracked 
|  66|0x00000000c6600000, 0x00000000c6600000, 0x00000000c6700000|  0%| F|  |TAMS 0x00000000c6600000, 0x00000000c6600000| Untracked 
|  67|0x00000000c6700000, 0x00000000c6700000, 0x00000000c6800000|  0%| F|  |TAMS 0x00000000c6700000, 0x00000000c6700000| Untracked 
|  68|0x00000000c6800000, 0x00000000c6800000, 0x00000000c6900000|  0%| F|  |TAMS 0x00000000c6800000, 0x00000000c6800000| Untracked 
|  69|0x00000000c6900000, 0x00000000c6900000, 0x00000000c6a00000|  0%| F|  |TAMS 0x00000000c6900000, 0x00000000c6900000| Untracked 
|  70|0x00000000c6a00000, 0x00000000c6a00000, 0x00000000c6b00000|  0%| F|  |TAMS 0x00000000c6a00000, 0x00000000c6a00000| Untracked 
|  71|0x00000000c6b00000, 0x00000000c6b00000, 0x00000000c6c00000|  0%| F|  |TAMS 0x00000000c6b00000, 0x00000000c6b00000| Untracked 
|  72|0x00000000c6c00000, 0x00000000c6ca7d00, 0x00000000c6d00000| 65%| S|CS|TAMS 0x00000000c6c00000, 0x00000000c6c00000| Complete 
|  73|0x00000000c6d00000, 0x00000000c6e00000, 0x00000000c6e00000|100%| S|CS|TAMS 0x00000000c6d00000, 0x00000000c6d00000| Complete 
|  74|0x00000000c6e00000, 0x00000000c6f00000, 0x00000000c6f00000|100%| S|CS|TAMS 0x00000000c6e00000, 0x00000000c6e00000| Complete 
|  75|0x00000000c6f00000, 0x00000000c6f00000, 0x00000000c7000000|  0%| F|  |TAMS 0x00000000c6f00000, 0x00000000c6f00000| Untracked 
|  76|0x00000000c7000000, 0x00000000c7000000, 0x00000000c7100000|  0%| F|  |TAMS 0x00000000c7000000, 0x00000000c7000000| Untracked 
|  77|0x00000000c7100000, 0x00000000c7100000, 0x00000000c7200000|  0%| F|  |TAMS 0x00000000c7100000, 0x00000000c7100000| Untracked 
|  78|0x00000000c7200000, 0x00000000c7200000, 0x00000000c7300000|  0%| F|  |TAMS 0x00000000c7200000, 0x00000000c7200000| Untracked 
|  79|0x00000000c7300000, 0x00000000c7300000, 0x00000000c7400000|  0%| F|  |TAMS 0x00000000c7300000, 0x00000000c7300000| Untracked 
|  80|0x00000000c7400000, 0x00000000c7400000, 0x00000000c7500000|  0%| F|  |TAMS 0x00000000c7400000, 0x00000000c7400000| Untracked 
|  81|0x00000000c7500000, 0x00000000c7500000, 0x00000000c7600000|  0%| F|  |TAMS 0x00000000c7500000, 0x00000000c7500000| Untracked 
|  82|0x00000000c7600000, 0x00000000c7600000, 0x00000000c7700000|  0%| F|  |TAMS 0x00000000c7600000, 0x00000000c7600000| Untracked 
|  83|0x00000000c7700000, 0x00000000c7700000, 0x00000000c7800000|  0%| F|  |TAMS 0x00000000c7700000, 0x00000000c7700000| Untracked 
|  84|0x00000000c7800000, 0x00000000c7800000, 0x00000000c7900000|  0%| F|  |TAMS 0x00000000c7800000, 0x00000000c7800000| Untracked 
|  85|0x00000000c7900000, 0x00000000c7900000, 0x00000000c7a00000|  0%| F|  |TAMS 0x00000000c7900000, 0x00000000c7900000| Untracked 
|  86|0x00000000c7a00000, 0x00000000c7a00000, 0x00000000c7b00000|  0%| F|  |TAMS 0x00000000c7a00000, 0x00000000c7a00000| Untracked 
|  87|0x00000000c7b00000, 0x00000000c7b00000, 0x00000000c7c00000|  0%| F|  |TAMS 0x00000000c7b00000, 0x00000000c7b00000| Untracked 
|  88|0x00000000c7c00000, 0x00000000c7c00000, 0x00000000c7d00000|  0%| F|  |TAMS 0x00000000c7c00000, 0x00000000c7c00000| Untracked 
|  89|0x00000000c7d00000, 0x00000000c7d00000, 0x00000000c7e00000|  0%| F|  |TAMS 0x00000000c7d00000, 0x00000000c7d00000| Untracked 
|  90|0x00000000c7e00000, 0x00000000c7e00000, 0x00000000c7f00000|  0%| F|  |TAMS 0x00000000c7e00000, 0x00000000c7e00000| Untracked 
|  91|0x00000000c7f00000, 0x00000000c7f00000, 0x00000000c8000000|  0%| F|  |TAMS 0x00000000c7f00000, 0x00000000c7f00000| Untracked 
|  92|0x00000000c8000000, 0x00000000c8000000, 0x00000000c8100000|  0%| F|  |TAMS 0x00000000c8000000, 0x00000000c8000000| Untracked 
|  93|0x00000000c8100000, 0x00000000c8100000, 0x00000000c8200000|  0%| F|  |TAMS 0x00000000c8100000, 0x00000000c8100000| Untracked 
|  94|0x00000000c8200000, 0x00000000c8200000, 0x00000000c8300000|  0%| F|  |TAMS 0x00000000c8200000, 0x00000000c8200000| Untracked 
|  95|0x00000000c8300000, 0x00000000c8300000, 0x00000000c8400000|  0%| F|  |TAMS 0x00000000c8300000, 0x00000000c8300000| Untracked 
|  96|0x00000000c8400000, 0x00000000c8400000, 0x00000000c8500000|  0%| F|  |TAMS 0x00000000c8400000, 0x00000000c8400000| Untracked 
|  97|0x00000000c8500000, 0x00000000c8500000, 0x00000000c8600000|  0%| F|  |TAMS 0x00000000c8500000, 0x00000000c8500000| Untracked 
|  98|0x00000000c8600000, 0x00000000c8600000, 0x00000000c8700000|  0%| F|  |TAMS 0x00000000c8600000, 0x00000000c8600000| Untracked 
|  99|0x00000000c8700000, 0x00000000c8700000, 0x00000000c8800000|  0%| F|  |TAMS 0x00000000c8700000, 0x00000000c8700000| Untracked 
| 100|0x00000000c8800000, 0x00000000c8800000, 0x00000000c8900000|  0%| F|  |TAMS 0x00000000c8800000, 0x00000000c8800000| Untracked 
| 101|0x00000000c8900000, 0x00000000c8900000, 0x00000000c8a00000|  0%| F|  |TAMS 0x00000000c8900000, 0x00000000c8900000| Untracked 
| 102|0x00000000c8a00000, 0x00000000c8a00000, 0x00000000c8b00000|  0%| F|  |TAMS 0x00000000c8a00000, 0x00000000c8a00000| Untracked 
| 986|0x00000000ffe00000, 0x00000000ffe47000, 0x00000000fff00000| 27%|OA|  |TAMS 0x00000000ffe47000, 0x00000000ffe00000| Untracked 
| 987|0x00000000fff00000, 0x00000000fff6b000, 0x0000000100000000| 41%|CA|  |TAMS 0x00000000fff6b000, 0x00000000fff00000| Untracked 

Card table byte_map: [0x00007f2119b4d000,0x00007f2119d3b000] _byte_map_base: 0x00007f211953b000

Marking Bits (Prev, Next): (CMBitMap*) 0x00007f2114045440, (CMBitMap*) 0x00007f2114045408
 Prev Bits: [0x00007f20f7090000, 0x00007f20f8000000)
 Next Bits: [0x00007f21189ef000, 0x00007f211995f000)

Polling page: 0x00007f211e272000

Metaspace:

Usage:
  Non-class:     14.76 MB capacity,    13.86 MB ( 94%) used,   904.88 KB (  6%) free+waste,    20.81 KB ( <1%) overhead. 
      Class:      1.93 MB capacity,     1.68 MB ( 87%) used,   249.59 KB ( 13%) free+waste,     9.19 KB ( <1%) overhead. 
       Both:     16.69 MB capacity,    15.54 MB ( 93%) used,     1.13 MB (  7%) free+waste,    30.00 KB ( <1%) overhead. 

Virtual space:
  Non-class space:       16.00 MB reserved,      15.00 MB ( 94%) committed 
      Class space:        1.00 GB reserved,       2.00 MB ( <1%) committed 
             Both:        1.02 GB reserved,      17.00 MB (  2%) committed 

Chunk freelists:
   Non-Class:  138.00 KB
       Class:  3.00 KB
        Both:  141.00 KB

MaxMetaspaceSize: unlimited
CompressedClassSpaceSize: 1.00 GB

CodeHeap 'non-profiled nmethods': size=120036Kb used=1594Kb max_used=1594Kb free=118441Kb
 bounds [0x00007f210433f000, 0x00007f21045af000, 0x00007f210b878000]
CodeHeap 'profiled nmethods': size=120032Kb used=8283Kb max_used=8283Kb free=111748Kb
 bounds [0x00007f20fce07000, 0x00007f20fd627000, 0x00007f210433f000]
CodeHeap 'non-nmethods': size=5692Kb used=1118Kb max_used=1166Kb free=4573Kb
 bounds [0x00007f20fc878000, 0x00007f20fcae8000, 0x00007f20fce07000]
 total_blobs=4142 nmethods=3695 adapters=359
 compilation: enabled
              stopped_count=0, restarted_count=0
 full_count=0

Compilation events (20 events):
Event: 12.177 Thread 0x00007f21140c8800 nmethod 3725 0x00007f20fd60d590 code [0x00007f20fd60d7e0, 0x00007f20fd60dfb0]
Event: 12.177 Thread 0x00007f21140c8800 3726       3       org.eclipse.aether.internal.impl.collect.DefaultDependencyCollector::createArtifactDescriptorRequest (46 bytes)
Event: 12.181 Thread 0x00007f21140c8800 nmethod 3726 0x00007f20fd60e390 code [0x00007f20fd60e5c0, 0x00007f20fd60edd0]
Event: 12.181 Thread 0x00007f21140c8800 3722       3       org.eclipse.aether.internal.impl.collect.DefaultDependencyCollector::createDependencyNode (62 bytes)
Event: 12.184 Thread 0x00007f21140c8800 nmethod 3722 0x00007f20fd60f010 code [0x00007f20fd60f2a0, 0x00007f20fd60ff80]
Event: 12.184 Thread 0x00007f21140c8800 3727       3       org.eclipse.aether.internal.impl.collect.DefaultDependencyCollector::doRecurse (233 bytes)
Event: 12.262 Thread 0x00007f21140c8800 nmethod 3727 0x00007f20fd610390 code [0x00007f20fd6106a0, 0x00007f20fd611a00]
Event: 12.287 Thread 0x00007f21140c8800 3728       3       org.eclipse.aether.util.graph.manager.ClassicDependencyManager::hashCode (90 bytes)
Event: 12.320 Thread 0x00007f21140c8800 nmethod 3728 0x00007f20fd612390 code [0x00007f20fd612580, 0x00007f20fd612a70]
Event: 12.328 Thread 0x00007f21140c8800 3729       3       org.eclipse.aether.util.graph.traverser.FatArtifactTraverser::hashCode (8 bytes)
Event: 12.335 Thread 0x00007f21140c8800 nmethod 3729 0x00007f20fd612c10 code [0x00007f20fd612dc0, 0x00007f20fd612fe0]
Event: 12.336 Thread 0x00007f21140c8800 3730       3       org.eclipse.aether.internal.impl.collect.DataPool::getChildren (14 bytes)
Event: 12.337 Thread 0x00007f21140c8800 nmethod 3730 0x00007f20fd613090 code [0x00007f20fd613260, 0x00007f20fd613560]
Event: 12.339 Thread 0x00007f21140c8800 3732       3       java.io.File::getAbsoluteFile (38 bytes)
Event: 12.349 Thread 0x00007f21140c8800 nmethod 3732 0x00007f20fd613690 code [0x00007f20fd613900, 0x00007f20fd614270]
Event: 12.349 Thread 0x00007f21140c8800 3733       3       org.apache.maven.model.io.xpp3.MavenXpp3Reader::parseProfile (717 bytes)
Event: 12.387 Thread 0x00007f21140c8800 nmethod 3733 0x00007f20fd614590 code [0x00007f20fd614e60, 0x00007f20fd619c00]
Event: 12.388 Thread 0x00007f21140c8800 3734       3       org.eclipse.aether.internal.impl.EnhancedLocalRepositoryManager::find (198 bytes)
Event: 12.398 Thread 0x00007f21140c8800 nmethod 3734 0x00007f20fd61b290 code [0x00007f20fd61b6e0, 0x00007f20fd61d440]
Event: 12.398 Thread 0x00007f21140c8800 3735       3       org.eclipse.aether.internal.impl.SimpleLocalRepositoryManager::getPathForArtifact (172 bytes)

GC Heap History (17 events):
Event: 0.498 GC heap before
{Heap before GC invocations=0 (full 0):
 garbage-first heap   total 65536K, used 6856K [0x00000000c2400000, 0x0000000100000000)
  region size 1024K, 7 young (7168K), 0 survivors (0K)
 Metaspace       used 2438K, capacity 5607K, committed 5760K, reserved 1056768K
  class space    used 243K, capacity 551K, committed 640K, reserved 1048576K
}
Event: 0.520 GC heap after
{Heap after GC invocations=1 (full 0):
 garbage-first heap   total 65536K, used 2662K [0x00000000c2400000, 0x0000000100000000)
  region size 1024K, 1 young (1024K), 1 survivors (1024K)
 Metaspace       used 2438K, capacity 5607K, committed 5760K, reserved 1056768K
  class space    used 243K, capacity 551K, committed 640K, reserved 1048576K
}
Event: 0.711 GC heap before
{Heap before GC invocations=1 (full 0):
 garbage-first heap   total 65536K, used 5734K [0x00000000c2400000, 0x0000000100000000)
  region size 1024K, 4 young (4096K), 1 survivors (1024K)
 Metaspace       used 3102K, capacity 6073K, committed 6272K, reserved 1056768K
  class space    used 314K, capacity 621K, committed 640K, reserved 1048576K
}
Event: 0.732 GC heap after
{Heap after GC invocations=2 (full 0):
 garbage-first heap   total 65536K, used 3338K [0x00000000c2400000, 0x0000000100000000)
  region size 1024K, 1 young (1024K), 1 survivors (1024K)
 Metaspace       used 3102K, capacity 6073K, committed 6272K, reserved 1056768K
  class space    used 314K, capacity 621K, committed 640K, reserved 1048576K
}
Event: 1.349 GC heap before
{Heap before GC invocations=2 (full 0):
 garbage-first heap   total 65536K, used 14602K [0x00000000c2400000, 0x0000000100000000)
  region size 1024K, 12 young (12288K), 1 survivors (1024K)
 Metaspace       used 5567K, capacity 7800K, committed 8192K, reserved 1056768K
  class space    used 648K, capacity 901K, committed 1024K, reserved 1048576K
}
Event: 1.366 GC heap after
{Heap after GC invocations=3 (full 0):
 garbage-first heap   total 65536K, used 3929K [0x00000000c2400000, 0x0000000100000000)
  region size 1024K, 2 young (2048K), 2 survivors (2048K)
 Metaspace       used 5567K, capacity 7800K, committed 8192K, reserved 1056768K
  class space    used 648K, capacity 901K, committed 1024K, reserved 1048576K
}
Event: 1.848 GC heap before
{Heap before GC invocations=3 (full 0):
 garbage-first heap   total 65536K, used 20313K [0x00000000c2400000, 0x0000000100000000)
  region size 1024K, 18 young (18432K), 2 survivors (2048K)
 Metaspace       used 6809K, capacity 8840K, committed 9088K, reserved 1056768K
  class space    used 804K, capacity 1032K, committed 1152K, reserved 1048576K
}
Event: 1.854 GC heap after
{Heap after GC invocations=4 (full 0):
 garbage-first heap   total 65536K, used 4385K [0x00000000c2400000, 0x0000000100000000)
  region size 1024K, 2 young (2048K), 2 survivors (2048K)
 Metaspace       used 6809K, capacity 8840K, committed 9088K, reserved 1056768K
  class space    used 804K, capacity 1032K, committed 1152K, reserved 1048576K
}
Event: 2.817 GC heap before
{Heap before GC invocations=4 (full 0):
 garbage-first heap   total 65536K, used 37153K [0x00000000c2400000, 0x0000000100000000)
  region size 1024K, 34 young (34816K), 2 survivors (2048K)
 Metaspace       used 11954K, capacity 13748K, committed 14080K, reserved 1060864K
  class space    used 1454K, capacity 1695K, committed 1792K, reserved 1048576K
}
Event: 2.830 GC heap after
{Heap after GC invocations=5 (full 0):
 garbage-first heap   total 107520K, used 6189K [0x00000000c2400000, 0x0000000100000000)
  region size 1024K, 4 young (4096K), 4 survivors (4096K)
 Metaspace       used 11954K, capacity 13748K, committed 14080K, reserved 1060864K
  class space    used 1454K, capacity 1695K, committed 1792K, reserved 1048576K
}
Event: 4.097 GC heap before
{Heap before GC invocations=5 (full 0):
 garbage-first heap   total 107520K, used 48173K [0x00000000c2400000, 0x0000000100000000)
  region size 1024K, 45 young (46080K), 4 survivors (4096K)
 Metaspace       used 13507K, capacity 15084K, committed 15488K, reserved 1062912K
  class space    used 1554K, capacity 1798K, committed 1920K, reserved 1048576K
}
Event: 4.123 GC heap after
{Heap after GC invocations=6 (full 0):
 garbage-first heap   total 107520K, used 10360K [0x00000000c2400000, 0x0000000100000000)
  region size 1024K, 6 young (6144K), 6 survivors (6144K)
 Metaspace       used 13507K, capacity 15084K, committed 15488K, reserved 1062912K
  class space    used 1554K, capacity 1798K, committed 1920K, reserved 1048576K
}
Event: 5.305 GC heap before
{Heap before GC invocations=6 (full 0):
 garbage-first heap   total 107520K, used 86136K [0x00000000c2400000, 0x0000000100000000)
  region size 1024K, 41 young (41984K), 6 survivors (6144K)
 Metaspace       used 15090K, capacity 16342K, committed 16640K, reserved 1064960K
  class space    used 1681K, capacity 1940K, committed 2048K, reserved 1048576K
}
Event: 5.363 GC heap after
{Heap after GC invocations=7 (full 0):
 garbage-first heap   total 107520K, used 45632K [0x00000000c2400000, 0x0000000100000000)
  region size 1024K, 6 young (6144K), 6 survivors (6144K)
 Metaspace       used 15090K, capacity 16342K, committed 16640K, reserved 1064960K
  class space    used 1681K, capacity 1940K, committed 2048K, reserved 1048576K
}
Event: 6.700 GC heap before
{Heap before GC invocations=8 (full 0):
 garbage-first heap   total 107520K, used 73280K [0x00000000c2400000, 0x0000000100000000)
  region size 1024K, 25 young (25600K), 6 survivors (6144K)
 Metaspace       used 15241K, capacity 16472K, committed 16896K, reserved 1064960K
  class space    used 1683K, capacity 1940K, committed 2048K, reserved 1048576K
}
Event: 6.775 GC heap after
{Heap after GC invocations=9 (full 0):
 garbage-first heap   total 107520K, used 14117K [0x00000000c2400000, 0x0000000100000000)
  region size 1024K, 2 young (2048K), 2 survivors (2048K)
 Metaspace       used 15241K, capacity 16472K, committed 16896K, reserved 1064960K
  class space    used 1683K, capacity 1940K, committed 2048K, reserved 1048576K
}
Event: 12.403 GC heap before
{Heap before GC invocations=9 (full 0):
 garbage-first heap   total 107520K, used 40741K [0x00000000c2400000, 0x0000000100000000)
  region size 1024K, 28 young (28672K), 2 survivors (2048K)
 Metaspace       used 15910K, capacity 17095K, committed 17408K, reserved 1064960K
  class space    used 1722K, capacity 1981K, committed 2048K, reserved 1048576K
}

Deoptimization events (20 events):
Event: 8.965 Thread 0x00007f2114016800 DEOPT PACKING pc=0x00007f21043759f4 sp=0x00007f211e2646f0
Event: 8.965 Thread 0x00007f2114016800 DEOPT UNPACKING pc=0x00007f20fc89d925 sp=0x00007f211e2645a8 mode 2
Event: 11.208 Thread 0x00007f2114016800 Uncommon trap: trap_request=0xffffffbe fr.pc=0x00007f21044a9164 relative=0x0000000000000504
Event: 11.216 Thread 0x00007f2114016800 Uncommon trap: reason=profile_predicate action=maybe_recompile pc=0x00007f21044a9164 method=sun.nio.cs.ISO_8859_1$Decoder.decodeArrayLoop(Ljava/nio/ByteBuffer;Ljava/nio/CharBuffer;)Ljava/nio/charset/CoderResult; @ 133 c2
Event: 11.216 Thread 0x00007f2114016800 DEOPT PACKING pc=0x00007f21044a9164 sp=0x00007f211e265160
Event: 11.217 Thread 0x00007f2114016800 DEOPT UNPACKING pc=0x00007f20fc89d925 sp=0x00007f211e2650f0 mode 2
Event: 11.217 Thread 0x00007f2114016800 Uncommon trap: trap_request=0xffffffbe fr.pc=0x00007f21044a9164 relative=0x0000000000000504
Event: 11.217 Thread 0x00007f2114016800 Uncommon trap: reason=profile_predicate action=maybe_recompile pc=0x00007f21044a9164 method=sun.nio.cs.ISO_8859_1$Decoder.decodeArrayLoop(Ljava/nio/ByteBuffer;Ljava/nio/CharBuffer;)Ljava/nio/charset/CoderResult; @ 133 c2
Event: 11.217 Thread 0x00007f2114016800 DEOPT PACKING pc=0x00007f21044a9164 sp=0x00007f211e2651e0
Event: 11.217 Thread 0x00007f2114016800 DEOPT UNPACKING pc=0x00007f20fc89d925 sp=0x00007f211e265170 mode 2
Event: 11.217 Thread 0x00007f2114016800 Uncommon trap: trap_request=0xffffffbe fr.pc=0x00007f21044a9164 relative=0x0000000000000504
Event: 11.217 Thread 0x00007f2114016800 Uncommon trap: reason=profile_predicate action=maybe_recompile pc=0x00007f21044a9164 method=sun.nio.cs.ISO_8859_1$Decoder.decodeArrayLoop(Ljava/nio/ByteBuffer;Ljava/nio/CharBuffer;)Ljava/nio/charset/CoderResult; @ 133 c2
Event: 11.217 Thread 0x00007f2114016800 DEOPT PACKING pc=0x00007f21044a9164 sp=0x00007f211e265190
Event: 11.217 Thread 0x00007f2114016800 DEOPT UNPACKING pc=0x00007f20fc89d925 sp=0x00007f211e265120 mode 2
Event: 11.220 Thread 0x00007f2114016800 Uncommon trap: trap_request=0xffffffbe fr.pc=0x00007f21044a9164 relative=0x0000000000000504
Event: 11.220 Thread 0x00007f2114016800 Uncommon trap: reason=profile_predicate action=maybe_recompile pc=0x00007f21044a9164 method=sun.nio.cs.ISO_8859_1$Decoder.decodeArrayLoop(Ljava/nio/ByteBuffer;Ljava/nio/CharBuffer;)Ljava/nio/charset/CoderResult; @ 133 c2
Event: 11.220 Thread 0x00007f2114016800 DEOPT PACKING pc=0x00007f21044a9164 sp=0x00007f211e2650d0
Event: 11.220 Thread 0x00007f2114016800 DEOPT UNPACKING pc=0x00007f20fc89d925 sp=0x00007f211e265060 mode 2
Event: 12.052 Thread 0x00007f2114016800 DEOPT PACKING pc=0x00007f20fd21ac19 sp=0x00007f211e265760
Event: 12.052 Thread 0x00007f2114016800 DEOPT UNPACKING pc=0x00007f20fc89e0ca sp=0x00007f211e264c48 mode 0

Classes redefined (0 events):
No events

Internal exceptions (9 events):
Event: 0.355 Thread 0x00007f2114016800 Exception <a 'java/lang/NoSuchMethodError'{0x00000000c5ee8798}: 'int java.lang.invoke.DirectMethodHandle$Holder.invokeSpecialIFC(java.lang.Object, java.lang.Object, int)'> (0x00000000c5ee8798) thrown at [src/hotspot/share/interpreter/linkResolver.cpp, line 773]
Event: 2.527 Thread 0x00007f2114016800 Exception <a 'java/lang/NoClassDefFoundError'{0x00000000c456c278}: com/google/inject/servlet/ServletModuleTargetVisitor> (0x00000000c456c278) thrown at [src/hotspot/share/classfile/systemDictionary.cpp, line 220]
Event: 2.527 Thread 0x00007f2114016800 Exception <a 'java/lang/NoClassDefFoundError'{0x00000000c456c278}> (0x00000000c456c278) thrown at [src/hotspot/share/prims/jvm.cpp, line 1310]
Event: 2.527 Thread 0x00007f2114016800 Exception <a 'java/lang/NoClassDefFoundError'{0x00000000c4570330}: javax/annotation/Priority> (0x00000000c4570330) thrown at [src/hotspot/share/classfile/systemDictionary.cpp, line 220]
Event: 2.836 Thread 0x00007f2114016800 Implicit null exception at 0x00007f2104360504 to 0x00007f21043609ec
Event: 2.837 Thread 0x00007f2114016800 Implicit null exception at 0x00007f2104377304 to 0x00007f2104377810
Event: 3.571 Thread 0x00007f2114016800 Implicit null exception at 0x00007f21044125cb to 0x00007f2104412d74
Event: 3.571 Thread 0x00007f2114016800 Implicit null exception at 0x00007f21043a0105 to 0x00007f21043a02d8
Event: 3.571 Thread 0x00007f2114016800 Implicit null exception at 0x00007f21043a4f4b to 0x00007f21043a55fc

Events (20 events):
Event: 10.553 loading class org/apache/maven/shared/utils/io/FileUtils done
Event: 10.577 loading class org/apache/maven/shared/utils/io/IOUtil
Event: 10.577 loading class org/apache/maven/shared/utils/io/IOUtil done
Event: 10.577 loading class org/apache/maven/shared/utils/io/IOUtil
Event: 10.577 loading class org/apache/maven/shared/utils/io/IOUtil done
Event: 10.582 loading class org/apache/maven/shared/utils/io/DirectoryScanner
Event: 10.582 loading class org/apache/maven/shared/utils/io/DirectoryScanner done
Event: 10.582 loading class org/apache/maven/shared/utils/io/DirectoryScanner
Event: 10.582 loading class org/apache/maven/shared/utils/io/DirectoryScanner done
Event: 10.585 loading class org/apache/maven/shared/utils/io/DirectoryScanResult
Event: 10.585 loading class org/apache/maven/shared/utils/io/DirectoryScanResult done
Event: 10.585 loading class org/apache/maven/shared/utils/io/DirectoryScanResult
Event: 10.585 loading class org/apache/maven/shared/utils/io/DirectoryScanResult done
Event: 10.623 loading class org/apache/maven/plugins/resources/Delimiter
Event: 10.623 loading class org/apache/maven/plugins/resources/Delimiter done
Event: 10.625 loading class org/apache/maven/plugins/resources/Delimiter
Event: 10.625 loading class org/apache/maven/plugins/resources/Delimiter done
Event: 10.626 loading class org/apache/maven/plugins/resources/Delimiter
Event: 10.626 loading class org/apache/maven/plugins/resources/Delimiter done
Event: 12.398 Executing VM operation: G1CollectForAllocation


Dynamic libraries:
c2400000-c8b00000 rw-p 00000000 00:00 0 
cc600000-ffe00000 ---p 00000000 00:00 0 
ffe00000-ffe47000 rw-p 01111000 fc:01 781428                             /usr/lib/jvm/java-11-openjdk-amd64/lib/server/classes.jsa
ffe47000-fff00000 rw-p 00000000 00:00 0 
fff00000-fff6b000 rw-p 010a6000 fc:01 781428                             /usr/lib/jvm/java-11-openjdk-amd64/lib/server/classes.jsa
fff6b000-100000000 rw-p 00000000 00:00 0 
800000000-800002000 rwxp 00001000 fc:01 781428                           /usr/lib/jvm/java-11-openjdk-amd64/lib/server/classes.jsa
800002000-8003b9000 rw-p 00003000 fc:01 781428                           /usr/lib/jvm/java-11-openjdk-amd64/lib/server/classes.jsa
8003b9000-800a96000 r--p 003ba000 fc:01 781428                           /usr/lib/jvm/java-11-openjdk-amd64/lib/server/classes.jsa
800a96000-800a97000 rw-p 00a97000 fc:01 781428                           /usr/lib/jvm/java-11-openjdk-amd64/lib/server/classes.jsa
800a97000-8010a5000 r--p 00a98000 fc:01 781428                           /usr/lib/jvm/java-11-openjdk-amd64/lib/server/classes.jsa
840000000-840200000 rw-p 00000000 00:00 0 
840200000-880000000 ---p 00000000 00:00 0 
5565174d0000-5565174d1000 r-xp 00000000 fc:01 782256                     /usr/lib/jvm/java-11-openjdk-amd64/bin/java
5565176d1000-5565176d2000 r--p 00001000 fc:01 782256                     /usr/lib/jvm/java-11-openjdk-amd64/bin/java
5565176d2000-5565176d3000 rw-p 00002000 fc:01 782256                     /usr/lib/jvm/java-11-openjdk-amd64/bin/java
556519638000-556519659000 rw-p 00000000 00:00 0                          [heap]
7f20bf4fb000-7f20bf5fb000 rw-p 00000000 00:00 0 
7f20bf5fb000-7f20bf6fb000 ---p 00000000 00:00 0 
7f20bf6fb000-7f20bf8fb000 rw-p 00000000 00:00 0 
7f20bf8fb000-7f20bfafb000 rw-p 00000000 00:00 0 
7f20bfafb000-7f20bfcfb000 rw-p 00000000 00:00 0 
7f20bfcfb000-7f20bfcfc000 ---p 00000000 00:00 0 
7f20bfcfc000-7f20bfdfd000 rw-p 00000000 00:00 0 
7f20bfdfd000-7f20bfdff000 r-xp 00000000 fc:01 2222                       /lib/x86_64-linux-gnu/libutil-2.27.so
7f20bfdff000-7f20bfffe000 ---p 00002000 fc:01 2222                       /lib/x86_64-linux-gnu/libutil-2.27.so
7f20bfffe000-7f20bffff000 r--p 00001000 fc:01 2222                       /lib/x86_64-linux-gnu/libutil-2.27.so
7f20bffff000-7f20c0000000 rw-p 00002000 fc:01 2222                       /lib/x86_64-linux-gnu/libutil-2.27.so
7f20c0000000-7f20c0021000 rw-p 00000000 00:00 0 
7f20c0021000-7f20c4000000 ---p 00000000 00:00 0 
7f20c4000000-7f20c4021000 rw-p 00000000 00:00 0 
7f20c4021000-7f20c8000000 ---p 00000000 00:00 0 
7f20c8000000-7f20c9358000 rw-p 00000000 00:00 0 
7f20c9358000-7f20cc000000 ---p 00000000 00:00 0 
7f20cc000000-7f20cc521000 rw-p 00000000 00:00 0 
7f20cc521000-7f20d0000000 ---p 00000000 00:00 0 
7f20d0000000-7f20d0021000 rw-p 00000000 00:00 0 
7f20d0021000-7f20d4000000 ---p 00000000 00:00 0 
7f20d4000000-7f20d4021000 rw-p 00000000 00:00 0 
7f20d4021000-7f20d8000000 ---p 00000000 00:00 0 
7f20d8000000-7f20d8021000 rw-p 00000000 00:00 0 
7f20d8021000-7f20dc000000 ---p 00000000 00:00 0 
7f20dc000000-7f20dc021000 rw-p 00000000 00:00 0 
7f20dc021000-7f20e0000000 ---p 00000000 00:00 0 
7f20e0000000-7f20e0021000 rw-p 00000000 00:00 0 
7f20e0021000-7f20e4000000 ---p 00000000 00:00 0 
7f20e4000000-7f20e408f000 rw-p 00000000 00:00 0 
7f20e408f000-7f20e8000000 ---p 00000000 00:00 0 
7f20e8000000-7f20e8021000 rw-p 00000000 00:00 0 
7f20e8021000-7f20ec000000 ---p 00000000 00:00 0 
7f20ec000000-7f20ec021000 rw-p 00000000 00:00 0 
7f20ec021000-7f20f0000000 ---p 00000000 00:00 0 
7f20f0000000-7f20f0021000 rw-p 00000000 00:00 0 
7f20f0021000-7f20f4000000 ---p 00000000 00:00 0 
7f20f404f000-7f20f4052000 r-xp 00000000 fc:01 2556                       /tmp/libjansi-1.17.1-11812213688157709580.so
7f20f4052000-7f20f4251000 ---p 00003000 fc:01 2556                       /tmp/libjansi-1.17.1-11812213688157709580.so
7f20f4251000-7f20f4252000 rw-p 00002000 fc:01 2556                       /tmp/libjansi-1.17.1-11812213688157709580.so
7f20f4252000-7f20f4268000 r-xp 00000000 fc:01 782304                     /usr/lib/jvm/java-11-openjdk-amd64/lib/libnet.so
7f20f4268000-7f20f4467000 ---p 00016000 fc:01 782304                     /usr/lib/jvm/java-11-openjdk-amd64/lib/libnet.so
7f20f4467000-7f20f4468000 r--p 00015000 fc:01 782304                     /usr/lib/jvm/java-11-openjdk-amd64/lib/libnet.so
7f20f4468000-7f20f4469000 rw-p 00016000 fc:01 782304                     /usr/lib/jvm/java-11-openjdk-amd64/lib/libnet.so
7f20f4469000-7f20f4479000 r-xp 00000000 fc:01 782305                     /usr/lib/jvm/java-11-openjdk-amd64/lib/libnio.so
7f20f4479000-7f20f4678000 ---p 00010000 fc:01 782305                     /usr/lib/jvm/java-11-openjdk-amd64/lib/libnio.so
7f20f4678000-7f20f4679000 r--p 0000f000 fc:01 782305                     /usr/lib/jvm/java-11-openjdk-amd64/lib/libnio.so
7f20f4679000-7f20f467a000 rw-p 00010000 fc:01 782305                     /usr/lib/jvm/java-11-openjdk-amd64/lib/libnio.so
7f20f467a000-7f20f467e000 ---p 00000000 00:00 0 
7f20f467e000-7f20f477b000 rw-p 00000000 00:00 0 
7f20f477b000-7f20f477c000 ---p 00000000 00:00 0 
7f20f477c000-7f20f487d000 rw-p 00000000 00:00 0 
7f20f487d000-7f20f4881000 ---p 00000000 00:00 0 
7f20f4881000-7f20f497e000 rw-p 00000000 00:00 0 
7f20f497e000-7f20f4982000 ---p 00000000 00:00 0 
7f20f4982000-7f20f4a7f000 rw-p 00000000 00:00 0 
7f20f4a7f000-7f20f4a83000 ---p 00000000 00:00 0 
7f20f4a83000-7f20f4b80000 rw-p 00000000 00:00 0 
7f20f4b80000-7f20f4b84000 ---p 00000000 00:00 0 
7f20f4b84000-7f20f4c81000 rw-p 00000000 00:00 0 
7f20f4c81000-7f20f4c85000 ---p 00000000 00:00 0 
7f20f4c85000-7f20f4d82000 rw-p 00000000 00:00 0 
7f20f4d82000-7f20f4ef5000 r--p 00000000 fc:01 7760                       /usr/lib/locale/C.UTF-8/LC_COLLATE
7f20f4ef5000-7f20f5090000 r--p 00000000 fc:01 7757                       /usr/lib/locale/locale-archive
7f20f5090000-7f20f722c000 rw-p 00000000 00:00 0 
7f20f722c000-7f20f7ff8000 ---p 00000000 00:00 0 
7f20f7ff8000-7f20f8000000 rw-p 00000000 00:00 0 
7f20f8000000-7f20f8021000 rw-p 00000000 00:00 0 
7f20f8021000-7f20fc000000 ---p 00000000 00:00 0 
7f20fc047000-7f20fc878000 rw-p 00000000 00:00 0 
7f20fc878000-7f20fcae8000 rwxp 00000000 00:00 0 
7f20fcae8000-7f20fce07000 ---p 00000000 00:00 0 
7f20fce07000-7f20fd627000 rwxp 00000000 00:00 0 
7f20fd627000-7f210433f000 ---p 00000000 00:00 0 
7f210433f000-7f21045af000 rwxp 00000000 00:00 0 
7f21045af000-7f210b878000 ---p 00000000 00:00 0 
7f210b878000-7f2114000000 r--s 00000000 fc:01 782314                     /usr/lib/jvm/java-11-openjdk-amd64/lib/modules
7f2114000000-7f2114d8e000 rw-p 00000000 00:00 0 
7f2114d8e000-7f2118000000 ---p 00000000 00:00 0 
7f2118005000-7f2118009000 ---p 00000000 00:00 0 
7f2118009000-7f2118106000 rw-p 00000000 00:00 0 
7f2118106000-7f211810a000 ---p 00000000 00:00 0 
7f211810a000-7f2118207000 rw-p 00000000 00:00 0 
7f2118207000-7f2118208000 ---p 00000000 00:00 0 
7f2118208000-7f21183e5000 rw-p 00000000 00:00 0 
7f21183e5000-7f21183e6000 ---p 00000000 00:00 0 
7f21183e6000-7f21184e7000 rw-p 00000000 00:00 0 
7f21184e7000-7f21184e8000 ---p 00000000 00:00 0 
7f21184e8000-7f21187eb000 rw-p 00000000 00:00 0 
7f21187eb000-7f21187ec000 ---p 00000000 00:00 0 
7f21187ec000-7f21188ed000 rw-p 00000000 00:00 0 
7f21188ed000-7f21188ee000 ---p 00000000 00:00 0 
7f21188ee000-7f2118b8b000 rw-p 00000000 00:00 0 
7f2118b8b000-7f2119957000 ---p 00000000 00:00 0 
7f2119957000-7f2119993000 rw-p 00000000 00:00 0 
7f2119993000-7f2119b4c000 ---p 00000000 00:00 0 
7f2119b4c000-7f2119b81000 rw-p 00000000 00:00 0 
7f2119b81000-7f2119d3a000 ---p 00000000 00:00 0 
7f2119d3a000-7f2119d6f000 rw-p 00000000 00:00 0 
7f2119d6f000-7f2119f28000 ---p 00000000 00:00 0 
7f2119f28000-7f211a12b000 rw-p 00000000 00:00 0 
7f211a12b000-7f211a12c000 ---p 00000000 00:00 0 
7f211a12c000-7f211a232000 rw-p 00000000 00:00 0 
7f211a232000-7f211a318000 ---p 00000000 00:00 0 
7f211a318000-7f211a329000 rw-p 00000000 00:00 0 
7f211a329000-7f211a403000 ---p 00000000 00:00 0 
7f211a403000-7f211a40a000 r-xp 00000000 fc:01 782313                     /usr/lib/jvm/java-11-openjdk-amd64/lib/libzip.so
7f211a40a000-7f211a609000 ---p 00007000 fc:01 782313                     /usr/lib/jvm/java-11-openjdk-amd64/lib/libzip.so
7f211a609000-7f211a60a000 r--p 00006000 fc:01 782313                     /usr/lib/jvm/java-11-openjdk-amd64/lib/libzip.so
7f211a60a000-7f211a60b000 rw-p 00007000 fc:01 782313                     /usr/lib/jvm/java-11-openjdk-amd64/lib/libzip.so
7f211a60b000-7f211a616000 r-xp 00000000 fc:01 2193                       /lib/x86_64-linux-gnu/libnss_files-2.27.so
7f211a616000-7f211a815000 ---p 0000b000 fc:01 2193                       /lib/x86_64-linux-gnu/libnss_files-2.27.so
7f211a815000-7f211a816000 r--p 0000a000 fc:01 2193                       /lib/x86_64-linux-gnu/libnss_files-2.27.so
7f211a816000-7f211a817000 rw-p 0000b000 fc:01 2193                       /lib/x86_64-linux-gnu/libnss_files-2.27.so
7f211a817000-7f211a81d000 rw-p 00000000 00:00 0 
7f211a81d000-7f211a834000 r-xp 00000000 fc:01 2167                       /lib/x86_64-linux-gnu/libnsl-2.27.so
7f211a834000-7f211aa33000 ---p 00017000 fc:01 2167                       /lib/x86_64-linux-gnu/libnsl-2.27.so
7f211aa33000-7f211aa34000 r--p 00016000 fc:01 2167                       /lib/x86_64-linux-gnu/libnsl-2.27.so
7f211aa34000-7f211aa35000 rw-p 00017000 fc:01 2167                       /lib/x86_64-linux-gnu/libnsl-2.27.so
7f211aa35000-7f211aa37000 rw-p 00000000 00:00 0 
7f211aa37000-7f211aa42000 r-xp 00000000 fc:01 2215                       /lib/x86_64-linux-gnu/libnss_nis-2.27.so
7f211aa42000-7f211ac41000 ---p 0000b000 fc:01 2215                       /lib/x86_64-linux-gnu/libnss_nis-2.27.so
7f211ac41000-7f211ac42000 r--p 0000a000 fc:01 2215                       /lib/x86_64-linux-gnu/libnss_nis-2.27.so
7f211ac42000-7f211ac43000 rw-p 0000b000 fc:01 2215                       /lib/x86_64-linux-gnu/libnss_nis-2.27.so
7f211ac43000-7f211ac4b000 r-xp 00000000 fc:01 2168                       /lib/x86_64-linux-gnu/libnss_compat-2.27.so
7f211ac4b000-7f211ae4b000 ---p 00008000 fc:01 2168                       /lib/x86_64-linux-gnu/libnss_compat-2.27.so
7f211ae4b000-7f211ae4c000 r--p 00008000 fc:01 2168                       /lib/x86_64-linux-gnu/libnss_compat-2.27.so
7f211ae4c000-7f211ae4d000 rw-p 00009000 fc:01 2168                       /lib/x86_64-linux-gnu/libnss_compat-2.27.so
7f211ae4d000-7f211ae52000 r-xp 00000000 fc:01 782296                     /usr/lib/jvm/java-11-openjdk-amd64/lib/libjimage.so
7f211ae52000-7f211b051000 ---p 00005000 fc:01 782296                     /usr/lib/jvm/java-11-openjdk-amd64/lib/libjimage.so
7f211b051000-7f211b052000 r--p 00004000 fc:01 782296                     /usr/lib/jvm/java-11-openjdk-amd64/lib/libjimage.so
7f211b052000-7f211b053000 rw-p 00005000 fc:01 782296                     /usr/lib/jvm/java-11-openjdk-amd64/lib/libjimage.so
7f211b053000-7f211b07b000 r-xp 00000000 fc:01 782293                     /usr/lib/jvm/java-11-openjdk-amd64/lib/libjava.so
7f211b07b000-7f211b27b000 ---p 00028000 fc:01 782293                     /usr/lib/jvm/java-11-openjdk-amd64/lib/libjava.so
7f211b27b000-7f211b27c000 r--p 00028000 fc:01 782293                     /usr/lib/jvm/java-11-openjdk-amd64/lib/libjava.so
7f211b27c000-7f211b27d000 rw-p 00029000 fc:01 782293                     /usr/lib/jvm/java-11-openjdk-amd64/lib/libjava.so
7f211b27d000-7f211b27e000 rw-p 00000000 00:00 0 
7f211b27e000-7f211b28b000 r-xp 00000000 fc:01 782312                     /usr/lib/jvm/java-11-openjdk-amd64/lib/libverify.so
7f211b28b000-7f211b48a000 ---p 0000d000 fc:01 782312                     /usr/lib/jvm/java-11-openjdk-amd64/lib/libverify.so
7f211b48a000-7f211b48c000 r--p 0000c000 fc:01 782312                     /usr/lib/jvm/java-11-openjdk-amd64/lib/libverify.so
7f211b48c000-7f211b48d000 rw-p 0000e000 fc:01 782312                     /usr/lib/jvm/java-11-openjdk-amd64/lib/libverify.so
7f211b48d000-7f211b494000 r-xp 00000000 fc:01 2220                       /lib/x86_64-linux-gnu/librt-2.27.so
7f211b494000-7f211b693000 ---p 00007000 fc:01 2220                       /lib/x86_64-linux-gnu/librt-2.27.so
7f211b693000-7f211b694000 r--p 00006000 fc:01 2220                       /lib/x86_64-linux-gnu/librt-2.27.so
7f211b694000-7f211b695000 rw-p 00007000 fc:01 2220                       /lib/x86_64-linux-gnu/librt-2.27.so
7f211b695000-7f211b6ac000 r-xp 00000000 fc:01 2054                       /lib/x86_64-linux-gnu/libgcc_s.so.1
7f211b6ac000-7f211b8ab000 ---p 00017000 fc:01 2054                       /lib/x86_64-linux-gnu/libgcc_s.so.1
7f211b8ab000-7f211b8ac000 r--p 00016000 fc:01 2054                       /lib/x86_64-linux-gnu/libgcc_s.so.1
7f211b8ac000-7f211b8ad000 rw-p 00017000 fc:01 2054                       /lib/x86_64-linux-gnu/libgcc_s.so.1
7f211b8ad000-7f211ba4a000 r-xp 00000000 fc:01 2150                       /lib/x86_64-linux-gnu/libm-2.27.so
7f211ba4a000-7f211bc49000 ---p 0019d000 fc:01 2150                       /lib/x86_64-linux-gnu/libm-2.27.so
7f211bc49000-7f211bc4a000 r--p 0019c000 fc:01 2150                       /lib/x86_64-linux-gnu/libm-2.27.so
7f211bc4a000-7f211bc4b000 rw-p 0019d000 fc:01 2150                       /lib/x86_64-linux-gnu/libm-2.27.so
7f211bc4b000-7f211bdc4000 r-xp 00000000 fc:01 4754                       /usr/lib/x86_64-linux-gnu/libstdc++.so.6.0.25
7f211bdc4000-7f211bfc4000 ---p 00179000 fc:01 4754                       /usr/lib/x86_64-linux-gnu/libstdc++.so.6.0.25
7f211bfc4000-7f211bfce000 r--p 00179000 fc:01 4754                       /usr/lib/x86_64-linux-gnu/libstdc++.so.6.0.25
7f211bfce000-7f211bfd0000 rw-p 00183000 fc:01 4754                       /usr/lib/x86_64-linux-gnu/libstdc++.so.6.0.25
7f211bfd0000-7f211bfd4000 rw-p 00000000 00:00 0 
7f211bfd4000-7f211d0bc000 r-xp 00000000 fc:01 782317                     /usr/lib/jvm/java-11-openjdk-amd64/lib/server/libjvm.so
7f211d0bc000-7f211d2bb000 ---p 010e8000 fc:01 782317                     /usr/lib/jvm/java-11-openjdk-amd64/lib/server/libjvm.so
7f211d2bb000-7f211d37c000 r--p 010e7000 fc:01 782317                     /usr/lib/jvm/java-11-openjdk-amd64/lib/server/libjvm.so
7f211d37c000-7f211d3b7000 rw-p 011a8000 fc:01 782317                     /usr/lib/jvm/java-11-openjdk-amd64/lib/server/libjvm.so
7f211d3b7000-7f211d40e000 rw-p 00000000 00:00 0 
7f211d40e000-7f211d428000 r-xp 00000000 fc:01 2218                       /lib/x86_64-linux-gnu/libpthread-2.27.so
7f211d428000-7f211d627000 ---p 0001a000 fc:01 2218                       /lib/x86_64-linux-gnu/libpthread-2.27.so
7f211d627000-7f211d628000 r--p 00019000 fc:01 2218                       /lib/x86_64-linux-gnu/libpthread-2.27.so
7f211d628000-7f211d629000 rw-p 0001a000 fc:01 2218                       /lib/x86_64-linux-gnu/libpthread-2.27.so
7f211d629000-7f211d62d000 rw-p 00000000 00:00 0 
7f211d62d000-7f211d630000 r-xp 00000000 fc:01 2077                       /lib/x86_64-linux-gnu/libdl-2.27.so
7f211d630000-7f211d82f000 ---p 00003000 fc:01 2077                       /lib/x86_64-linux-gnu/libdl-2.27.so
7f211d82f000-7f211d830000 r--p 00002000 fc:01 2077                       /lib/x86_64-linux-gnu/libdl-2.27.so
7f211d830000-7f211d831000 rw-p 00003000 fc:01 2077                       /lib/x86_64-linux-gnu/libdl-2.27.so
7f211d831000-7f211d84d000 r-xp 00000000 fc:01 2164                       /lib/x86_64-linux-gnu/libz.so.1.2.11
7f211d84d000-7f211da4c000 ---p 0001c000 fc:01 2164                       /lib/x86_64-linux-gnu/libz.so.1.2.11
7f211da4c000-7f211da4d000 r--p 0001b000 fc:01 2164                       /lib/x86_64-linux-gnu/libz.so.1.2.11
7f211da4d000-7f211da4e000 rw-p 0001c000 fc:01 2164                       /lib/x86_64-linux-gnu/libz.so.1.2.11
7f211da4e000-7f211dc35000 r-xp 00000000 fc:01 2072                       /lib/x86_64-linux-gnu/libc-2.27.so
7f211dc35000-7f211de35000 ---p 001e7000 fc:01 2072                       /lib/x86_64-linux-gnu/libc-2.27.so
7f211de35000-7f211de39000 r--p 001e7000 fc:01 2072                       /lib/x86_64-linux-gnu/libc-2.27.so
7f211de39000-7f211de3b000 rw-p 001eb000 fc:01 2072                       /lib/x86_64-linux-gnu/libc-2.27.so
7f211de3b000-7f211de3f000 rw-p 00000000 00:00 0 
7f211de3f000-7f211de4e000 r-xp 00000000 fc:01 782278                     /usr/lib/jvm/java-11-openjdk-amd64/lib/jli/libjli.so
7f211de4e000-7f211e04d000 ---p 0000f000 fc:01 782278                     /usr/lib/jvm/java-11-openjdk-amd64/lib/jli/libjli.so
7f211e04d000-7f211e04e000 r--p 0000e000 fc:01 782278                     /usr/lib/jvm/java-11-openjdk-amd64/lib/jli/libjli.so
7f211e04e000-7f211e04f000 rw-p 0000f000 fc:01 782278                     /usr/lib/jvm/java-11-openjdk-amd64/lib/jli/libjli.so
7f211e04f000-7f211e076000 r-xp 00000000 fc:01 2068                       /lib/x86_64-linux-gnu/ld-2.27.so
7f211e08c000-7f211e0bd000 r--p 00000000 fc:01 7761                       /usr/lib/locale/C.UTF-8/LC_CTYPE
7f211e0bd000-7f211e0be000 r--p 00000000 fc:01 7766                       /usr/lib/locale/C.UTF-8/LC_NUMERIC
7f211e0be000-7f211e0bf000 r--p 00000000 fc:01 7769                       /usr/lib/locale/C.UTF-8/LC_TIME
7f211e0bf000-7f211e0c0000 r--p 00000000 fc:01 7764                       /usr/lib/locale/C.UTF-8/LC_MONETARY
7f211e0c0000-7f211e0c1000 r--p 00000000 fc:01 7771                       /usr/lib/locale/C.UTF-8/LC_MESSAGES/SYS_LC_MESSAGES
7f211e0c1000-7f211e0c2000 r--p 00000000 fc:01 7767                       /usr/lib/locale/C.UTF-8/LC_PAPER
7f211e0c2000-7f211e0c3000 r--p 00000000 fc:01 7765                       /usr/lib/locale/C.UTF-8/LC_NAME
7f211e0c3000-7f211e0ca000 r--s 00000000 fc:01 5012                       /usr/lib/x86_64-linux-gnu/gconv/gconv-modules.cache
7f211e0ca000-7f211e15a000 rw-p 00000000 00:00 0 
7f211e15a000-7f211e161000 ---p 00000000 00:00 0 
7f211e161000-7f211e169000 rw-s 00000000 fc:01 784272                     /tmp/hsperfdata_soutra_resto/24672
7f211e169000-7f211e16d000 ---p 00000000 00:00 0 
7f211e16d000-7f211e26c000 rw-p 00000000 00:00 0 
7f211e26c000-7f211e26d000 r--p 00000000 fc:01 7759                       /usr/lib/locale/C.UTF-8/LC_ADDRESS
7f211e26d000-7f211e26e000 r--p 00000000 fc:01 7768                       /usr/lib/locale/C.UTF-8/LC_TELEPHONE
7f211e26e000-7f211e26f000 r--p 00000000 fc:01 7763                       /usr/lib/locale/C.UTF-8/LC_MEASUREMENT
7f211e26f000-7f211e270000 r--p 00000000 fc:01 7762                       /usr/lib/locale/C.UTF-8/LC_IDENTIFICATION
7f211e270000-7f211e272000 r--s 00007000 fc:01 64510                      /usr/share/java/java-atk-wrapper.jar
7f211e272000-7f211e273000 ---p 00000000 00:00 0 
7f211e273000-7f211e274000 r--p 00000000 00:00 0 
7f211e274000-7f211e276000 rw-p 00000000 00:00 0 
7f211e276000-7f211e277000 r--p 00027000 fc:01 2068                       /lib/x86_64-linux-gnu/ld-2.27.so
7f211e277000-7f211e278000 rw-p 00028000 fc:01 2068                       /lib/x86_64-linux-gnu/ld-2.27.so
7f211e278000-7f211e279000 rw-p 00000000 00:00 0 
7ffdded5f000-7ffdded80000 rw-p 00000000 00:00 0                          [stack]
7ffdded83000-7ffdded86000 r--p 00000000 00:00 0                          [vvar]
7ffdded86000-7ffdded88000 r-xp 00000000 00:00 0                          [vdso]
ffffffffff600000-ffffffffff601000 r-xp 00000000 00:00 0                  [vsyscall]


VM Arguments:
jvm_args: -Dmaven.home=/home/soutra_resto/amarispayprod/micro-services -Dmaven.multiModuleProjectDirectory=/home/soutra_resto/amarispayprod/micro-services/notification-service 
java_command: org.apache.maven.wrapper.MavenWrapperMain spring-boot:run
java_class_path (initial): /home/soutra_resto/amarispayprod/micro-services/notification-service/.mvn/wrapper/maven-wrapper.jar
Launcher Type: SUN_STANDARD

[Global flags]
     intx CICompilerCount                          = 2                                         {product} {ergonomic}
     uint ConcGCThreads                            = 1                                         {product} {ergonomic}
     uint G1ConcRefinementThreads                  = 2                                         {product} {ergonomic}
   size_t G1HeapRegionSize                         = 1048576                                   {product} {ergonomic}
    uintx GCDrainStackTargetSize                   = 64                                        {product} {ergonomic}
   size_t InitialHeapSize                          = 65011712                                  {product} {ergonomic}
   size_t MarkStackSize                            = 4194304                                   {product} {ergonomic}
   size_t MaxHeapSize                              = 1035993088                                {product} {ergonomic}
   size_t MaxNewSize                               = 620756992                                 {product} {ergonomic}
   size_t MinHeapDeltaBytes                        = 1048576                                   {product} {ergonomic}
    uintx NonNMethodCodeHeapSize                   = 5825164                                {pd product} {ergonomic}
    uintx NonProfiledCodeHeapSize                  = 122916538                              {pd product} {ergonomic}
    uintx ProfiledCodeHeapSize                     = 122916538                              {pd product} {ergonomic}
    uintx ReservedCodeCacheSize                    = 251658240                              {pd product} {ergonomic}
     bool SegmentedCodeCache                       = true                                      {product} {ergonomic}
     bool UseCompressedClassPointers               = true                                 {lp64_product} {ergonomic}
     bool UseCompressedOops                        = true                                 {lp64_product} {ergonomic}
     bool UseG1GC                                  = true                                      {product} {ergonomic}

Logging:
Log output configuration:
 #0: stdout all=warning uptime,level,tags
 #1: stderr all=off uptime,level,tags

Environment Variables:
JAVA_HOME=/usr/lib/jvm/java-11-openjdk-amd64
PATH=/usr/local/sbin:/usr/local/bin:/usr/sbin:/usr/bin:/sbin:/bin:/usr/games:/usr/local/games:/snap/bin
SHELL=/bin/bash
LANG=C.UTF-8

Signal Handlers:
SIGSEGV: [libjvm.so+0xe1d0a0], sa_mask[0]=11111111011111111101111111111110, sa_flags=SA_RESTART|SA_SIGINFO
SIGBUS: [libjvm.so+0xe1d0a0], sa_mask[0]=11111111011111111101111111111110, sa_flags=SA_RESTART|SA_SIGINFO
SIGFPE: [libjvm.so+0xe1d0a0], sa_mask[0]=11111111011111111101111111111110, sa_flags=SA_RESTART|SA_SIGINFO
SIGPIPE: [libjvm.so+0xb717f0], sa_mask[0]=11111111011111111101111111111110, sa_flags=SA_RESTART|SA_SIGINFO
SIGXFSZ: [libjvm.so+0xb717f0], sa_mask[0]=11111111011111111101111111111110, sa_flags=SA_RESTART|SA_SIGINFO
SIGILL: [libjvm.so+0xe1d0a0], sa_mask[0]=11111111011111111101111111111110, sa_flags=SA_RESTART|SA_SIGINFO
SIGUSR2: [libjvm.so+0xb71680], sa_mask[0]=00000000000000000000000000000000, sa_flags=SA_RESTART|SA_SIGINFO
SIGHUP: SIG_IGN, sa_mask[0]=00000000000000000000000000000000, sa_flags=none
SIGINT: [libjvm.so+0xb71b30], sa_mask[0]=11111111011111111101111111111110, sa_flags=SA_RESTART|SA_SIGINFO
SIGTERM: [libjvm.so+0xb71b30], sa_mask[0]=11111111011111111101111111111110, sa_flags=SA_RESTART|SA_SIGINFO
SIGQUIT: [libjvm.so+0xb71b30], sa_mask[0]=11111111011111111101111111111110, sa_flags=SA_RESTART|SA_SIGINFO


---------------  S Y S T E M  ---------------

OS:DISTRIB_ID=Ubuntu
DISTRIB_RELEASE=18.04
DISTRIB_CODENAME=bionic
DISTRIB_DESCRIPTION="Ubuntu 18.04.5 LTS"
uname:Linux 4.15.0-143-generic #147-Ubuntu SMP Wed Apr 14 16:10:11 UTC 2021 x86_64
OS uptime: 0 days 2:00 hours
libc:glibc 2.27 NPTL 2.27 
rlimit (soft/hard): STACK 8192k/infinity , CORE 0k/infinity , NPROC 15675/15675 , NOFILE 1048576/1048576 , AS infinity/infinity , CPU infinity/infinity , DATA infinity/infinity , FSIZE infinity/infinity , MEMLOCK 16384k/16384k
load average:1.54 0.53 0.45

/proc/meminfo:
MemTotal:        4039212 kB
MemFree:          102328 kB
MemAvailable:      11588 kB
Buffers:             388 kB
Cached:            27420 kB
SwapCached:            0 kB
Active:          3761748 kB
Inactive:          13140 kB
Active(anon):    3755840 kB
Inactive(anon):     4800 kB
Active(file):       5908 kB
Inactive(file):     8340 kB
Unevictable:           0 kB
Mlocked:               0 kB
SwapTotal:             0 kB
SwapFree:              0 kB
Dirty:                92 kB
Writeback:           288 kB
AnonPages:       3747348 kB
Mapped:            24644 kB
Shmem:             13292 kB
Slab:              92200 kB
SReclaimable:      41548 kB
SUnreclaim:        50652 kB
KernelStack:       10176 kB
PageTables:        26580 kB
NFS_Unstable:          0 kB
Bounce:                0 kB
WritebackTmp:          0 kB
CommitLimit:     2019604 kB
Committed_AS:    5262848 kB
VmallocTotal:   34359738367 kB
VmallocUsed:           0 kB
VmallocChunk:          0 kB
HardwareCorrupted:     0 kB
AnonHugePages:      2048 kB
ShmemHugePages:        0 kB
ShmemPmdMapped:        0 kB
CmaTotal:              0 kB
CmaFree:               0 kB
HugePages_Total:       0
HugePages_Free:        0
HugePages_Rsvd:        0
HugePages_Surp:        0
Hugepagesize:       2048 kB
DirectMap4k:      241644 kB
DirectMap2M:     3952640 kB

/sys/kernel/mm/transparent_hugepage/enabled:
always [madvise] never
/sys/kernel/mm/transparent_hugepage/defrag (defrag/compaction efforts parameter):
always defer defer+madvise [madvise] never

Process Memory:
Virtual Size: 3570416K (peak: 12437220K)
Resident Set Size: 172484K (peak: 179752K) (anon: 172484K, file: 0K, shmem: 0K)
Swapped out: 0K
C-Heap outstanding allocations: 20442K

/proc/sys/kernel/threads-max (system-wide limit on the number of threads):
31350
/proc/sys/vm/max_map_count (maximum number of memory map areas a process may have):
65530
/proc/sys/kernel/pid_max (system-wide limit on number of process identifiers):
32768

container (cgroup) information:
container_type: cgroupv1
cpu_cpuset_cpus: 0-1
cpu_memory_nodes: 0
active_processor_count: 2
cpu_quota: -1
cpu_period: 100000
cpu_shares: -1
memory_limit_in_bytes: -1
memory_and_swap_limit_in_bytes: -2
memory_soft_limit_in_bytes: -1
memory_usage_in_bytes: 627539968
memory_max_usage_in_bytes: 705347584

KVM virtualization detected
Steal ticks since vm start: 28
Steal ticks percentage since vm start:  0.011

CPU:total 2 (initial active 2) (2 cores per cpu, 1 threads per core) family 6 model 63 stepping 2 microcode 0x1, cmov, cx8, fxsr, mmx, sse, sse2, sse3, ssse3, sse4.1, sse4.2, popcnt, avx, avx2, aes, clmul, erms, lzcnt, tsc, bmi1, bmi2, fma
CPU Model and flags from /proc/cpuinfo:
model name	: DO-Regular
flags		: fpu vme de pse tsc msr pae mce cx8 apic sep mtrr pge mca cmov pat pse36 clflush mmx fxsr sse sse2 ss ht syscall nx rdtscp lm constant_tsc arch_perfmon rep_good nopl cpuid tsc_known_freq pni pclmulqdq vmx ssse3 fma cx16 pcid sse4_1 sse4_2 x2apic movbe popcnt tsc_deadline_timer aes xsave avx f16c rdrand hypervisor lahf_lm abm cpuid_fault invpcid_single pti ssbd ibrs ibpb fsgsbase tsc_adjust bmi1 avx2 smep bmi2 erms invpcid xsaveopt md_clear
Online cpus:
0-1
Offline cpus:

BIOS frequency limitation:
<Not Available>
Frequency switch latency (ns):
<Not Available>
Available cpu frequencies:
<Not Available>
Current governor:
<Not Available>
Core performance/turbo boost:
<Not Available>

Memory: 4k page, physical 4039212k(102328k free), swap 0k(0k free)

vm_info: OpenJDK 64-Bit Server VM (11.0.11+9-Ubuntu-0ubuntu2.18.04) for linux-amd64 JRE (11.0.11+9-Ubuntu-0ubuntu2.18.04), built on Apr 21 2021 09:15:32 by "unknown" with gcc 8.4.0

END.
